{"/home/travis/build/npmtest/node-npmtest-nfe-io/test.js":{"path":"/home/travis/build/npmtest/node-npmtest-nfe-io/test.js","s":{"1":2,"2":2,"3":2,"4":2,"5":2,"6":2,"7":2,"8":1,"9":2,"10":2,"11":1,"12":1,"13":1,"14":1,"15":2,"16":2,"17":2,"18":2,"19":1,"20":1,"21":2,"22":2,"23":2,"24":1,"25":1,"26":1,"27":1,"28":1,"29":1,"30":1,"31":1,"32":1,"33":1,"34":1,"35":1,"36":1,"37":1,"38":1,"39":2,"40":2,"41":1,"42":2,"43":2,"44":1,"45":2,"46":2,"47":1,"48":2,"49":2,"50":1,"51":1,"52":1,"53":1,"54":1},"b":{"1":[2,1,1,1],"2":[1,1,1,1],"3":[1,1],"4":[1,1],"5":[1,1],"6":[1,1],"7":[1,1],"8":[1,1],"9":[1,1],"10":[1,1,1],"11":[1,1],"12":[1,1],"13":[1,1],"14":[1,1],"15":[1,1],"16":[1,1],"17":[1,1]},"f":{"1":2,"2":2,"3":2,"4":2,"5":2,"6":1,"7":1,"8":1,"9":2,"10":2,"11":2,"12":2,"13":1},"fnMap":{"1":{"name":"(anonymous_1)","line":12,"loc":{"start":{"line":12,"column":1},"end":{"line":12,"column":13}}},"2":{"name":"(anonymous_2)","line":19,"loc":{"start":{"line":19,"column":5},"end":{"line":19,"column":17}}},"3":{"name":"(anonymous_3)","line":23,"loc":{"start":{"line":23,"column":24},"end":{"line":23,"column":36}}},"4":{"name":"(anonymous_4)","line":61,"loc":{"start":{"line":61,"column":5},"end":{"line":61,"column":17}}},"5":{"name":"(anonymous_5)","line":82,"loc":{"start":{"line":82,"column":5},"end":{"line":82,"column":17}}},"6":{"name":"(anonymous_6)","line":91,"loc":{"start":{"line":91,"column":77},"end":{"line":94,"column":10}}},"7":{"name":"(anonymous_7)","line":112,"loc":{"start":{"line":112,"column":83},"end":{"line":115,"column":10}},"skip":true},"8":{"name":"(anonymous_8)","line":123,"loc":{"start":{"line":123,"column":77},"end":{"line":126,"column":10}},"skip":true},"9":{"name":"(anonymous_9)","line":139,"loc":{"start":{"line":139,"column":12},"end":{"line":139,"column":40}},"skip":true},"10":{"name":"(anonymous_10)","line":147,"loc":{"start":{"line":147,"column":77},"end":{"line":150,"column":10}},"skip":true},"11":{"name":"(anonymous_11)","line":158,"loc":{"start":{"line":158,"column":83},"end":{"line":161,"column":10}},"skip":true},"12":{"name":"(anonymous_12)","line":169,"loc":{"start":{"line":169,"column":79},"end":{"line":172,"column":10}},"skip":true},"13":{"name":"(anonymous_13)","line":180,"loc":{"start":{"line":180,"column":75},"end":{"line":183,"column":10}},"skip":true}},"statementMap":{"1":{"start":{"line":12,"column":0},"end":{"line":195,"column":5}},"2":{"start":{"line":14,"column":4},"end":{"line":14,"column":14}},"3":{"start":{"line":19,"column":4},"end":{"line":56,"column":9}},"4":{"start":{"line":21,"column":8},"end":{"line":21,"column":19}},"5":{"start":{"line":23,"column":8},"end":{"line":35,"column":13}},"6":{"start":{"line":24,"column":12},"end":{"line":34,"column":13}},"7":{"start":{"line":25,"column":16},"end":{"line":28,"column":30}},"8":{"start":{"line":30,"column":16},"end":{"line":33,"column":27}},"9":{"start":{"line":37,"column":8},"end":{"line":39,"column":21}},"10":{"start":{"line":40,"column":8},"end":{"line":53,"column":9}},"11":{"start":{"line":43,"column":12},"end":{"line":46,"column":14}},"12":{"start":{"line":47,"column":12},"end":{"line":47,"column":18}},"13":{"start":{"line":50,"column":12},"end":{"line":51,"column":33}},"14":{"start":{"line":52,"column":12},"end":{"line":52,"column":18}},"15":{"start":{"line":55,"column":8},"end":{"line":55,"column":35}},"16":{"start":{"line":61,"column":4},"end":{"line":63,"column":9}},"17":{"start":{"line":62,"column":8},"end":{"line":62,"column":15}},"18":{"start":{"line":64,"column":4},"end":{"line":77,"column":5}},"19":{"start":{"line":70,"column":8},"end":{"line":70,"column":14}},"20":{"start":{"line":76,"column":8},"end":{"line":76,"column":14}},"21":{"start":{"line":82,"column":4},"end":{"line":84,"column":9}},"22":{"start":{"line":83,"column":8},"end":{"line":83,"column":15}},"23":{"start":{"line":85,"column":4},"end":{"line":194,"column":5}},"24":{"start":{"line":91,"column":8},"end":{"line":99,"column":10}},"25":{"start":{"line":98,"column":12},"end":{"line":98,"column":35}},"26":{"start":{"line":102,"column":8},"end":{"line":104,"column":63}},"27":{"start":{"line":105,"column":8},"end":{"line":105,"column":14}},"28":{"start":{"line":112,"column":8},"end":{"line":121,"column":10},"skip":true},"29":{"start":{"line":119,"column":12},"end":{"line":119,"column":55},"skip":true},"30":{"start":{"line":120,"column":12},"end":{"line":120,"column":48},"skip":true},"31":{"start":{"line":123,"column":8},"end":{"line":136,"column":10},"skip":true},"32":{"start":{"line":130,"column":12},"end":{"line":130,"column":76},"skip":true},"33":{"start":{"line":131,"column":12},"end":{"line":131,"column":73},"skip":true},"34":{"start":{"line":132,"column":12},"end":{"line":132,"column":74},"skip":true},"35":{"start":{"line":133,"column":12},"end":{"line":133,"column":79},"skip":true},"36":{"start":{"line":134,"column":12},"end":{"line":134,"column":25},"skip":true},"37":{"start":{"line":135,"column":12},"end":{"line":135,"column":45},"skip":true},"38":{"start":{"line":138,"column":8},"end":{"line":145,"column":14},"skip":true},"39":{"start":{"line":143,"column":16},"end":{"line":143,"column":29},"skip":true},"40":{"start":{"line":144,"column":16},"end":{"line":144,"column":55},"skip":true},"41":{"start":{"line":147,"column":8},"end":{"line":156,"column":10},"skip":true},"42":{"start":{"line":154,"column":12},"end":{"line":154,"column":25},"skip":true},"43":{"start":{"line":155,"column":12},"end":{"line":155,"column":45},"skip":true},"44":{"start":{"line":158,"column":8},"end":{"line":167,"column":10},"skip":true},"45":{"start":{"line":165,"column":12},"end":{"line":165,"column":25},"skip":true},"46":{"start":{"line":166,"column":12},"end":{"line":166,"column":48},"skip":true},"47":{"start":{"line":169,"column":8},"end":{"line":178,"column":10},"skip":true},"48":{"start":{"line":176,"column":12},"end":{"line":176,"column":25},"skip":true},"49":{"start":{"line":177,"column":12},"end":{"line":177,"column":46},"skip":true},"50":{"start":{"line":180,"column":8},"end":{"line":189,"column":10},"skip":true},"51":{"start":{"line":187,"column":12},"end":{"line":187,"column":94},"skip":true},"52":{"start":{"line":188,"column":12},"end":{"line":188,"column":48},"skip":true},"53":{"start":{"line":192,"column":8},"end":{"line":192,"column":35},"skip":true},"54":{"start":{"line":193,"column":8},"end":{"line":193,"column":14},"skip":true}},"branchMap":{"1":{"line":25,"type":"binary-expr","locations":[{"start":{"line":25,"column":23},"end":{"line":25,"column":62}},{"start":{"line":26,"column":20},"end":{"line":26,"column":70}},{"start":{"line":27,"column":20},"end":{"line":27,"column":71}},{"start":{"line":28,"column":20},"end":{"line":28,"column":29}}]},"2":{"line":30,"type":"binary-expr","locations":[{"start":{"line":30,"column":23},"end":{"line":30,"column":37}},{"start":{"line":31,"column":20},"end":{"line":31,"column":61}},{"start":{"line":32,"column":20},"end":{"line":32,"column":70}},{"start":{"line":33,"column":20},"end":{"line":33,"column":26}}]},"3":{"line":37,"type":"cond-expr","locations":[{"start":{"line":38,"column":14},"end":{"line":38,"column":20}},{"start":{"line":39,"column":14},"end":{"line":39,"column":20}}]},"4":{"line":40,"type":"switch","locations":[{"start":{"line":42,"column":8},"end":{"line":47,"column":18}},{"start":{"line":49,"column":8},"end":{"line":52,"column":18}}]},"5":{"line":44,"type":"binary-expr","locations":[{"start":{"line":44,"column":16},"end":{"line":44,"column":44}},{"start":{"line":44,"column":48},"end":{"line":44,"column":66}}]},"6":{"line":50,"type":"binary-expr","locations":[{"start":{"line":50,"column":21},"end":{"line":50,"column":49}},{"start":{"line":50,"column":53},"end":{"line":50,"column":72}}]},"7":{"line":64,"type":"switch","locations":[{"start":{"line":69,"column":4},"end":{"line":70,"column":14}},{"start":{"line":75,"column":4},"end":{"line":76,"column":14}}]},"8":{"line":85,"type":"switch","locations":[{"start":{"line":90,"column":4},"end":{"line":105,"column":14}},{"start":{"line":111,"column":4},"end":{"line":193,"column":14},"skip":true}]},"9":{"line":91,"type":"binary-expr","locations":[{"start":{"line":91,"column":42},"end":{"line":91,"column":73}},{"start":{"line":91,"column":77},"end":{"line":99,"column":9}}]},"10":{"line":102,"type":"binary-expr","locations":[{"start":{"line":102,"column":18},"end":{"line":102,"column":32}},{"start":{"line":103,"column":12},"end":{"line":103,"column":53}},{"start":{"line":104,"column":12},"end":{"line":104,"column":61}}]},"11":{"line":112,"type":"binary-expr","locations":[{"start":{"line":112,"column":45},"end":{"line":112,"column":79},"skip":true},{"start":{"line":112,"column":83},"end":{"line":121,"column":9},"skip":true}]},"12":{"line":123,"type":"binary-expr","locations":[{"start":{"line":123,"column":42},"end":{"line":123,"column":73},"skip":true},{"start":{"line":123,"column":77},"end":{"line":136,"column":9},"skip":true}]},"13":{"line":138,"type":"binary-expr","locations":[{"start":{"line":138,"column":48},"end":{"line":138,"column":85},"skip":true},{"start":{"line":139,"column":12},"end":{"line":145,"column":13},"skip":true}]},"14":{"line":147,"type":"binary-expr","locations":[{"start":{"line":147,"column":42},"end":{"line":147,"column":73},"skip":true},{"start":{"line":147,"column":77},"end":{"line":156,"column":9},"skip":true}]},"15":{"line":158,"type":"binary-expr","locations":[{"start":{"line":158,"column":45},"end":{"line":158,"column":79},"skip":true},{"start":{"line":158,"column":83},"end":{"line":167,"column":9},"skip":true}]},"16":{"line":169,"type":"binary-expr","locations":[{"start":{"line":169,"column":43},"end":{"line":169,"column":75},"skip":true},{"start":{"line":169,"column":79},"end":{"line":178,"column":9},"skip":true}]},"17":{"line":180,"type":"binary-expr","locations":[{"start":{"line":180,"column":41},"end":{"line":180,"column":71},"skip":true},{"start":{"line":180,"column":75},"end":{"line":189,"column":9},"skip":true}]}},"code":["/* istanbul instrument in package npmtest_nfe_io */","/*jslint","    bitwise: true,","    browser: true,","    maxerr: 8,","    maxlen: 96,","    node: true,","    nomen: true,","    regexp: true,","    stupid: true","*/","(function () {","    'use strict';","    var local;","","","","    // run shared js-env code - pre-init","    (function () {","        // init local","        local = {};","        // init modeJs","        local.modeJs = (function () {","            try {","                return typeof navigator.userAgent === 'string' &&","                    typeof document.querySelector('body') === 'object' &&","                    typeof XMLHttpRequest.prototype.open === 'function' &&","                    'browser';","            } catch (errorCaughtBrowser) {","                return module.exports &&","                    typeof process.versions.node === 'string' &&","                    typeof require('http').createServer === 'function' &&","                    'node';","            }","        }());","        // init global","        local.global = local.modeJs === 'browser'","            ? window","            : global;","        switch (local.modeJs) {","        // re-init local from window.local","        case 'browser':","            local = local.global.utility2.objectSetDefault(","                local.global.utility2_rollup || local.global.local,","                local.global.utility2","            );","            break;","        // re-init local from example.js","        case 'node':","            local = (local.global.utility2_rollup || require('utility2'))","                .requireReadme();","            break;","        }","        // export local","        local.global.local = local;","    }());","","","","    // run shared js-env code - function","    (function () {","        return;","    }());","    switch (local.modeJs) {","","","","    // run browser js-env code - function","    case 'browser':","        break;","","","","    // run node js-env code - function","    case 'node':","        break;","    }","","","","    // run shared js-env code - post-init","    (function () {","        return;","    }());","    switch (local.modeJs) {","","","","    // run browser js-env code - post-init","    case 'browser':","        local.testCase_browser_nullCase = local.testCase_browser_nullCase || function (","            options,","            onError","        ) {","        /*","         * this function will test browsers's null-case handling-behavior-behavior","         */","            onError(null, options);","        };","","        // run tests","        local.nop(local.modeTest &&","            document.querySelector('#testRunButton1') &&","            document.querySelector('#testRunButton1').click());","        break;","","","","    // run node js-env code - post-init","    /* istanbul ignore next */","    case 'node':","        local.testCase_buildApidoc_default = local.testCase_buildApidoc_default || function (","            options,","            onError","        ) {","        /*","         * this function will test buildApidoc's default handling-behavior-behavior","         */","            options = { modulePathList: module.paths };","            local.buildApidoc(options, onError);","        };","","        local.testCase_buildApp_default = local.testCase_buildApp_default || function (","            options,","            onError","        ) {","        /*","         * this function will test buildApp's default handling-behavior-behavior","         */","            local.testCase_buildReadme_default(options, local.onErrorThrow);","            local.testCase_buildLib_default(options, local.onErrorThrow);","            local.testCase_buildTest_default(options, local.onErrorThrow);","            local.testCase_buildCustomOrg_default(options, local.onErrorThrow);","            options = [];","            local.buildApp(options, onError);","        };","","        local.testCase_buildCustomOrg_default = local.testCase_buildCustomOrg_default ||","            function (options, onError) {","            /*","             * this function will test buildCustomOrg's default handling-behavior","             */","                options = {};","                local.buildCustomOrg(options, onError);","            };","","        local.testCase_buildLib_default = local.testCase_buildLib_default || function (","            options,","            onError","        ) {","        /*","         * this function will test buildLib's default handling-behavior","         */","            options = {};","            local.buildLib(options, onError);","        };","","        local.testCase_buildReadme_default = local.testCase_buildReadme_default || function (","            options,","            onError","        ) {","        /*","         * this function will test buildReadme's default handling-behavior-behavior","         */","            options = {};","            local.buildReadme(options, onError);","        };","","        local.testCase_buildTest_default = local.testCase_buildTest_default || function (","            options,","            onError","        ) {","        /*","         * this function will test buildTest's default handling-behavior","         */","            options = {};","            local.buildTest(options, onError);","        };","","        local.testCase_webpage_default = local.testCase_webpage_default || function (","            options,","            onError","        ) {","        /*","         * this function will test webpage's default handling-behavior","         */","            options = { modeCoverageMerge: true, url: local.serverLocalHost + '?modeTest=1' };","            local.browserTest(options, onError);","        };","","        // run test-server","        local.testRunServer(local);","        break;","    }","}());",""],"l":{"12":2,"14":2,"19":2,"21":2,"23":2,"24":2,"25":2,"30":1,"37":2,"40":2,"43":1,"47":1,"50":1,"52":1,"55":2,"61":2,"62":2,"64":2,"70":1,"76":1,"82":2,"83":2,"85":2,"91":1,"98":1,"102":1,"105":1,"112":1,"119":1,"120":1,"123":1,"130":1,"131":1,"132":1,"133":1,"134":1,"135":1,"138":1,"143":2,"144":2,"147":1,"154":2,"155":2,"158":1,"165":2,"166":2,"169":1,"176":2,"177":2,"180":1,"187":1,"188":1,"192":1,"193":1}},"/home/travis/build/npmtest/node-npmtest-nfe-io/lib.npmtest_nfe_io.js":{"path":"/home/travis/build/npmtest/node-npmtest-nfe-io/lib.npmtest_nfe_io.js","s":{"1":2,"2":2,"3":2,"4":2,"5":2,"6":2,"7":2,"8":1,"9":2,"10":2,"11":2,"12":2,"13":1,"14":1,"15":1,"16":1},"b":{"1":[2,1,1,1],"2":[1,1,1,1],"3":[1,1],"4":[2,2],"5":[1,1]},"f":{"1":2,"2":2,"3":2},"fnMap":{"1":{"name":"(anonymous_1)","line":12,"loc":{"start":{"line":12,"column":1},"end":{"line":12,"column":13}}},"2":{"name":"(anonymous_2)","line":19,"loc":{"start":{"line":19,"column":5},"end":{"line":19,"column":17}}},"3":{"name":"(anonymous_3)","line":23,"loc":{"start":{"line":23,"column":24},"end":{"line":23,"column":36}}}},"statementMap":{"1":{"start":{"line":12,"column":0},"end":{"line":53,"column":5}},"2":{"start":{"line":14,"column":4},"end":{"line":14,"column":14}},"3":{"start":{"line":19,"column":4},"end":{"line":52,"column":9}},"4":{"start":{"line":21,"column":8},"end":{"line":21,"column":19}},"5":{"start":{"line":23,"column":8},"end":{"line":35,"column":13}},"6":{"start":{"line":24,"column":12},"end":{"line":34,"column":13}},"7":{"start":{"line":25,"column":16},"end":{"line":28,"column":30}},"8":{"start":{"line":30,"column":16},"end":{"line":33,"column":27}},"9":{"start":{"line":37,"column":8},"end":{"line":39,"column":21}},"10":{"start":{"line":41,"column":8},"end":{"line":41,"column":54}},"11":{"start":{"line":43,"column":8},"end":{"line":43,"column":51}},"12":{"start":{"line":45,"column":8},"end":{"line":51,"column":9}},"13":{"start":{"line":46,"column":12},"end":{"line":46,"column":57}},"14":{"start":{"line":48,"column":12},"end":{"line":48,"column":35}},"15":{"start":{"line":49,"column":12},"end":{"line":49,"column":49}},"16":{"start":{"line":50,"column":12},"end":{"line":50,"column":43}}},"branchMap":{"1":{"line":25,"type":"binary-expr","locations":[{"start":{"line":25,"column":23},"end":{"line":25,"column":62}},{"start":{"line":26,"column":20},"end":{"line":26,"column":70}},{"start":{"line":27,"column":20},"end":{"line":27,"column":71}},{"start":{"line":28,"column":20},"end":{"line":28,"column":29}}]},"2":{"line":30,"type":"binary-expr","locations":[{"start":{"line":30,"column":23},"end":{"line":30,"column":37}},{"start":{"line":31,"column":20},"end":{"line":31,"column":61}},{"start":{"line":32,"column":20},"end":{"line":32,"column":70}},{"start":{"line":33,"column":20},"end":{"line":33,"column":26}}]},"3":{"line":37,"type":"cond-expr","locations":[{"start":{"line":38,"column":14},"end":{"line":38,"column":20}},{"start":{"line":39,"column":14},"end":{"line":39,"column":20}}]},"4":{"line":41,"type":"binary-expr","locations":[{"start":{"line":41,"column":16},"end":{"line":41,"column":44}},{"start":{"line":41,"column":48},"end":{"line":41,"column":53}}]},"5":{"line":45,"type":"if","locations":[{"start":{"line":45,"column":8},"end":{"line":45,"column":8}},{"start":{"line":45,"column":8},"end":{"line":45,"column":8}}]}},"code":["/* istanbul instrument in package npmtest_nfe_io */","/*jslint","    bitwise: true,","    browser: true,","    maxerr: 8,","    maxlen: 96,","    node: true,","    nomen: true,","    regexp: true,","    stupid: true","*/","(function () {","    'use strict';","    var local;","","","","    // run shared js-env code - pre-init","    (function () {","        // init local","        local = {};","        // init modeJs","        local.modeJs = (function () {","            try {","                return typeof navigator.userAgent === 'string' &&","                    typeof document.querySelector('body') === 'object' &&","                    typeof XMLHttpRequest.prototype.open === 'function' &&","                    'browser';","            } catch (errorCaughtBrowser) {","                return module.exports &&","                    typeof process.versions.node === 'string' &&","                    typeof require('http').createServer === 'function' &&","                    'node';","            }","        }());","        // init global","        local.global = local.modeJs === 'browser'","            ? window","            : global;","        // init utility2_rollup","        local = local.global.utility2_rollup || local;","        // init lib","        local.local = local.npmtest_nfe_io = local;","        // init exports","        if (local.modeJs === 'browser') {","            local.global.utility2_npmtest_nfe_io = local;","        } else {","            module.exports = local;","            module.exports.__dirname = __dirname;","            module.exports.module = module;","        }","    }());","}());",""],"l":{"12":2,"14":2,"19":2,"21":2,"23":2,"24":2,"25":2,"30":1,"37":2,"41":2,"43":2,"45":2,"46":1,"48":1,"49":1,"50":1}},"/home/travis/build/npmtest/node-npmtest-nfe-io/example.js":{"path":"/home/travis/build/npmtest/node-npmtest-nfe-io/example.js","s":{"1":2,"2":2,"3":2,"4":2,"5":2,"6":2,"7":2,"8":1,"9":2,"10":2,"11":2,"12":2,"13":1,"14":2,"15":2,"16":2,"17":2,"18":2,"19":0,"20":2,"21":1,"22":1,"23":1,"24":1,"25":1,"26":0,"27":0,"28":1,"29":1,"30":2,"31":0,"32":0,"33":0,"34":1,"35":2,"36":2,"37":3,"38":3,"39":3,"40":3,"41":0,"42":3,"43":3,"44":3,"45":1,"46":3,"47":1,"48":1,"49":1,"50":1,"51":1,"52":1,"53":1,"54":1,"55":1,"56":1,"57":0,"58":1,"59":6,"60":6,"61":1,"62":2,"63":0,"64":2,"65":1,"66":1,"67":0,"68":0,"69":0,"70":0,"71":0,"72":0,"73":0,"74":0,"75":0,"76":0,"77":0,"78":0,"79":0,"80":0,"81":0,"82":0,"83":0},"b":{"1":[2,1,1,1],"2":[1,1,1,1],"3":[1,1],"4":[2,2],"5":[1,1],"6":[1,1],"7":[2,0],"8":[2,1,1,1,1,1],"9":[0,2,0],"10":[1,1],"11":[2,1,1],"12":[1,0],"13":[0,2],"14":[2,0,0,0,0,0,0],"15":[0,3],"16":[3,0],"17":[1,1],"18":[0,1],"19":[1,2,0,2],"20":[1,0],"21":[1,1],"22":[0,0],"23":[0,0],"24":[0,0],"25":[0,0],"26":[0,0],"27":[0,0],"28":[0,0]},"f":{"1":2,"2":2,"3":2,"4":2,"5":2,"6":2,"7":3,"8":3,"9":3,"10":1,"11":6,"12":0},"fnMap":{"1":{"name":"(anonymous_1)","line":26,"loc":{"start":{"line":26,"column":1},"end":{"line":26,"column":13}}},"2":{"name":"(anonymous_2)","line":33,"loc":{"start":{"line":33,"column":5},"end":{"line":33,"column":17}}},"3":{"name":"(anonymous_3)","line":37,"loc":{"start":{"line":37,"column":24},"end":{"line":37,"column":36}}},"4":{"name":"(anonymous_4)","line":69,"loc":{"start":{"line":69,"column":31},"end":{"line":69,"column":48}},"skip":true},"5":{"name":"(anonymous_5)","line":78,"loc":{"start":{"line":78,"column":26},"end":{"line":78,"column":45}},"skip":true},"6":{"name":"(anonymous_6)","line":123,"loc":{"start":{"line":123,"column":33},"end":{"line":123,"column":48}},"skip":true},"7":{"name":"(anonymous_7)","line":125,"loc":{"start":{"line":125,"column":27},"end":{"line":125,"column":39}},"skip":true},"8":{"name":"(anonymous_8)","line":133,"loc":{"start":{"line":133,"column":59},"end":{"line":133,"column":74}},"skip":true},"9":{"name":"(anonymous_9)","line":143,"loc":{"start":{"line":143,"column":45},"end":{"line":143,"column":62}},"skip":true},"10":{"name":"(anonymous_10)","line":144,"loc":{"start":{"line":144,"column":73},"end":{"line":144,"column":92}},"skip":true},"11":{"name":"(anonymous_11)","line":272,"loc":{"start":{"line":272,"column":51},"end":{"line":272,"column":77}},"skip":true},"12":{"name":"(anonymous_12)","line":315,"loc":{"start":{"line":315,"column":32},"end":{"line":315,"column":61}},"skip":true}},"statementMap":{"1":{"start":{"line":26,"column":0},"end":{"line":326,"column":5}},"2":{"start":{"line":28,"column":4},"end":{"line":28,"column":14}},"3":{"start":{"line":33,"column":4},"end":{"line":60,"column":9}},"4":{"start":{"line":35,"column":8},"end":{"line":35,"column":19}},"5":{"start":{"line":37,"column":8},"end":{"line":49,"column":13}},"6":{"start":{"line":38,"column":12},"end":{"line":48,"column":13}},"7":{"start":{"line":39,"column":16},"end":{"line":42,"column":30}},"8":{"start":{"line":44,"column":16},"end":{"line":47,"column":27}},"9":{"start":{"line":51,"column":8},"end":{"line":53,"column":21}},"10":{"start":{"line":55,"column":8},"end":{"line":57,"column":45}},"11":{"start":{"line":59,"column":8},"end":{"line":59,"column":35}},"12":{"start":{"line":61,"column":4},"end":{"line":325,"column":5}},"13":{"start":{"line":69,"column":8},"end":{"line":121,"column":10},"skip":true},"14":{"start":{"line":70,"column":12},"end":{"line":88,"column":13},"skip":true},"15":{"start":{"line":76,"column":16},"end":{"line":87,"column":19},"skip":true},"16":{"start":{"line":79,"column":20},"end":{"line":86,"column":21},"skip":true},"17":{"start":{"line":82,"column":24},"end":{"line":82,"column":43},"skip":true},"18":{"start":{"line":83,"column":24},"end":{"line":83,"column":30},"skip":true},"19":{"start":{"line":85,"column":24},"end":{"line":85,"column":49},"skip":true},"20":{"start":{"line":89,"column":12},"end":{"line":107,"column":13},"skip":true},"21":{"start":{"line":92,"column":16},"end":{"line":102,"column":17},"skip":true},"22":{"start":{"line":93,"column":20},"end":{"line":93,"column":86},"skip":true},"23":{"start":{"line":94,"column":20},"end":{"line":95,"column":45},"skip":true},"24":{"start":{"line":96,"column":20},"end":{"line":96,"column":42},"skip":true},"25":{"start":{"line":97,"column":20},"end":{"line":97,"column":48},"skip":true},"26":{"start":{"line":100,"column":20},"end":{"line":100,"column":85},"skip":true},"27":{"start":{"line":101,"column":20},"end":{"line":101,"column":96},"skip":true},"28":{"start":{"line":103,"column":16},"end":{"line":103,"column":22},"skip":true},"29":{"start":{"line":106,"column":16},"end":{"line":106,"column":22},"skip":true},"30":{"start":{"line":108,"column":12},"end":{"line":120,"column":13},"skip":true},"31":{"start":{"line":114,"column":16},"end":{"line":119,"column":17},"skip":true},"32":{"start":{"line":116,"column":20},"end":{"line":116,"column":78},"skip":true},"33":{"start":{"line":118,"column":20},"end":{"line":118,"column":47},"skip":true},"34":{"start":{"line":123,"column":8},"end":{"line":141,"column":11},"skip":true},"35":{"start":{"line":124,"column":12},"end":{"line":124,"column":54},"skip":true},"36":{"start":{"line":125,"column":12},"end":{"line":140,"column":14},"skip":true},"37":{"start":{"line":126,"column":16},"end":{"line":126,"column":28},"skip":true},"38":{"start":{"line":127,"column":16},"end":{"line":127,"column":69},"skip":true},"39":{"start":{"line":128,"column":16},"end":{"line":128,"column":75},"skip":true},"40":{"start":{"line":129,"column":16},"end":{"line":131,"column":17},"skip":true},"41":{"start":{"line":130,"column":20},"end":{"line":130,"column":27},"skip":true},"42":{"start":{"line":133,"column":16},"end":{"line":137,"column":36},"skip":true},"43":{"start":{"line":134,"column":20},"end":{"line":136,"column":55},"skip":true},"44":{"start":{"line":139,"column":16},"end":{"line":139,"column":57},"skip":true},"45":{"start":{"line":143,"column":8},"end":{"line":147,"column":11},"skip":true},"46":{"start":{"line":144,"column":12},"end":{"line":146,"column":15},"skip":true},"47":{"start":{"line":145,"column":16},"end":{"line":145,"column":70},"skip":true},"48":{"start":{"line":149,"column":8},"end":{"line":149,"column":31},"skip":true},"49":{"start":{"line":150,"column":8},"end":{"line":150,"column":14},"skip":true},"50":{"start":{"line":158,"column":8},"end":{"line":158,"column":31},"skip":true},"51":{"start":{"line":160,"column":8},"end":{"line":160,"column":33},"skip":true},"52":{"start":{"line":161,"column":8},"end":{"line":161,"column":37},"skip":true},"53":{"start":{"line":162,"column":8},"end":{"line":162,"column":35},"skip":true},"54":{"start":{"line":164,"column":8},"end":{"line":164,"column":50},"skip":true},"55":{"start":{"line":166,"column":8},"end":{"line":256,"column":2},"skip":true},"56":{"start":{"line":258,"column":8},"end":{"line":286,"column":9},"skip":true},"57":{"start":{"line":259,"column":12},"end":{"line":269,"column":14},"skip":true},"58":{"start":{"line":271,"column":12},"end":{"line":285,"column":19},"skip":true},"59":{"start":{"line":274,"column":20},"end":{"line":274,"column":35},"skip":true},"60":{"start":{"line":275,"column":20},"end":{"line":284,"column":21},"skip":true},"61":{"start":{"line":277,"column":24},"end":{"line":277,"column":64},"skip":true},"62":{"start":{"line":279,"column":24},"end":{"line":279,"column":40},"skip":true},"63":{"start":{"line":281,"column":24},"end":{"line":281,"column":40},"skip":true},"64":{"start":{"line":283,"column":24},"end":{"line":283,"column":39},"skip":true},"65":{"start":{"line":288,"column":8},"end":{"line":290,"column":9},"skip":true},"66":{"start":{"line":289,"column":12},"end":{"line":289,"column":18},"skip":true},"67":{"start":{"line":291,"column":8},"end":{"line":293,"column":54},"skip":true},"68":{"start":{"line":296,"column":8},"end":{"line":301,"column":37},"skip":true},"69":{"start":{"line":303,"column":8},"end":{"line":303,"column":82},"skip":true},"70":{"start":{"line":306,"column":8},"end":{"line":308,"column":9},"skip":true},"71":{"start":{"line":307,"column":12},"end":{"line":307,"column":82},"skip":true},"72":{"start":{"line":310,"column":8},"end":{"line":312,"column":9},"skip":true},"73":{"start":{"line":311,"column":12},"end":{"line":311,"column":18},"skip":true},"74":{"start":{"line":313,"column":8},"end":{"line":313,"column":54},"skip":true},"75":{"start":{"line":314,"column":8},"end":{"line":314,"column":69},"skip":true},"76":{"start":{"line":315,"column":8},"end":{"line":323,"column":36},"skip":true},"77":{"start":{"line":316,"column":12},"end":{"line":316,"column":61},"skip":true},"78":{"start":{"line":317,"column":12},"end":{"line":320,"column":13},"skip":true},"79":{"start":{"line":318,"column":16},"end":{"line":318,"column":75},"skip":true},"80":{"start":{"line":319,"column":16},"end":{"line":319,"column":23},"skip":true},"81":{"start":{"line":321,"column":12},"end":{"line":321,"column":38},"skip":true},"82":{"start":{"line":322,"column":12},"end":{"line":322,"column":27},"skip":true},"83":{"start":{"line":324,"column":8},"end":{"line":324,"column":14},"skip":true}},"branchMap":{"1":{"line":39,"type":"binary-expr","locations":[{"start":{"line":39,"column":23},"end":{"line":39,"column":62}},{"start":{"line":40,"column":20},"end":{"line":40,"column":70}},{"start":{"line":41,"column":20},"end":{"line":41,"column":71}},{"start":{"line":42,"column":20},"end":{"line":42,"column":29}}]},"2":{"line":44,"type":"binary-expr","locations":[{"start":{"line":44,"column":23},"end":{"line":44,"column":37}},{"start":{"line":45,"column":20},"end":{"line":45,"column":61}},{"start":{"line":46,"column":20},"end":{"line":46,"column":70}},{"start":{"line":47,"column":20},"end":{"line":47,"column":26}}]},"3":{"line":51,"type":"cond-expr","locations":[{"start":{"line":52,"column":14},"end":{"line":52,"column":20}},{"start":{"line":53,"column":14},"end":{"line":53,"column":20}}]},"4":{"line":55,"type":"binary-expr","locations":[{"start":{"line":55,"column":16},"end":{"line":55,"column":44}},{"start":{"line":55,"column":49},"end":{"line":57,"column":43}}]},"5":{"line":55,"type":"cond-expr","locations":[{"start":{"line":56,"column":14},"end":{"line":56,"column":50}},{"start":{"line":57,"column":14},"end":{"line":57,"column":43}}]},"6":{"line":61,"type":"switch","locations":[{"start":{"line":68,"column":4},"end":{"line":150,"column":14},"skip":true},{"start":{"line":156,"column":4},"end":{"line":324,"column":14},"skip":true}]},"7":{"line":70,"type":"if","locations":[{"start":{"line":70,"column":12},"end":{"line":70,"column":12},"skip":true},{"start":{"line":70,"column":12},"end":{"line":70,"column":12},"skip":true}]},"8":{"line":70,"type":"binary-expr","locations":[{"start":{"line":70,"column":16},"end":{"line":70,"column":22},"skip":true},{"start":{"line":70,"column":27},"end":{"line":70,"column":32},"skip":true},{"start":{"line":71,"column":20},"end":{"line":71,"column":39},"skip":true},{"start":{"line":72,"column":20},"end":{"line":72,"column":49},"skip":true},{"start":{"line":73,"column":20},"end":{"line":73,"column":58},"skip":true},{"start":{"line":74,"column":20},"end":{"line":74,"column":69},"skip":true}]},"9":{"line":79,"type":"switch","locations":[{"start":{"line":80,"column":20},"end":{"line":80,"column":33},"skip":true},{"start":{"line":81,"column":20},"end":{"line":83,"column":30},"skip":true},{"start":{"line":84,"column":20},"end":{"line":85,"column":49},"skip":true}]},"10":{"line":89,"type":"switch","locations":[{"start":{"line":90,"column":12},"end":{"line":103,"column":22},"skip":true},{"start":{"line":105,"column":12},"end":{"line":106,"column":22},"skip":true}]},"11":{"line":89,"type":"binary-expr","locations":[{"start":{"line":89,"column":20},"end":{"line":89,"column":25},"skip":true},{"start":{"line":89,"column":29},"end":{"line":89,"column":48},"skip":true},{"start":{"line":89,"column":52},"end":{"line":89,"column":74},"skip":true}]},"12":{"line":92,"type":"if","locations":[{"start":{"line":92,"column":16},"end":{"line":92,"column":16},"skip":true},{"start":{"line":92,"column":16},"end":{"line":92,"column":16},"skip":true}]},"13":{"line":108,"type":"if","locations":[{"start":{"line":108,"column":12},"end":{"line":108,"column":12},"skip":true},{"start":{"line":108,"column":12},"end":{"line":108,"column":12},"skip":true}]},"14":{"line":108,"type":"binary-expr","locations":[{"start":{"line":108,"column":16},"end":{"line":108,"column":61},"skip":true},{"start":{"line":108,"column":66},"end":{"line":108,"column":72},"skip":true},{"start":{"line":108,"column":77},"end":{"line":108,"column":82},"skip":true},{"start":{"line":109,"column":20},"end":{"line":109,"column":39},"skip":true},{"start":{"line":110,"column":20},"end":{"line":110,"column":49},"skip":true},{"start":{"line":111,"column":20},"end":{"line":111,"column":58},"skip":true},{"start":{"line":112,"column":20},"end":{"line":112,"column":68},"skip":true}]},"15":{"line":129,"type":"if","locations":[{"start":{"line":129,"column":16},"end":{"line":129,"column":16},"skip":true},{"start":{"line":129,"column":16},"end":{"line":129,"column":16},"skip":true}]},"16":{"line":134,"type":"cond-expr","locations":[{"start":{"line":135,"column":26},"end":{"line":135,"column":29},"skip":true},{"start":{"line":136,"column":26},"end":{"line":136,"column":54},"skip":true}]},"17":{"line":164,"type":"binary-expr","locations":[{"start":{"line":164,"column":27},"end":{"line":164,"column":43},"skip":true},{"start":{"line":164,"column":47},"end":{"line":164,"column":49},"skip":true}]},"18":{"line":258,"type":"if","locations":[{"start":{"line":258,"column":8},"end":{"line":258,"column":8},"skip":true},{"start":{"line":258,"column":8},"end":{"line":258,"column":8},"skip":true}]},"19":{"line":275,"type":"switch","locations":[{"start":{"line":276,"column":20},"end":{"line":277,"column":64},"skip":true},{"start":{"line":278,"column":20},"end":{"line":279,"column":40},"skip":true},{"start":{"line":280,"column":20},"end":{"line":281,"column":40},"skip":true},{"start":{"line":282,"column":20},"end":{"line":283,"column":39},"skip":true}]},"20":{"line":288,"type":"if","locations":[{"start":{"line":288,"column":8},"end":{"line":288,"column":8},"skip":true},{"start":{"line":288,"column":8},"end":{"line":288,"column":8},"skip":true}]},"21":{"line":288,"type":"binary-expr","locations":[{"start":{"line":288,"column":12},"end":{"line":288,"column":40},"skip":true},{"start":{"line":288,"column":44},"end":{"line":288,"column":67},"skip":true}]},"22":{"line":292,"type":"binary-expr","locations":[{"start":{"line":292,"column":12},"end":{"line":292,"column":50},"skip":true},{"start":{"line":293,"column":12},"end":{"line":293,"column":53},"skip":true}]},"23":{"line":297,"type":"binary-expr","locations":[{"start":{"line":297,"column":12},"end":{"line":297,"column":64},"skip":true},{"start":{"line":298,"column":12},"end":{"line":301,"column":36},"skip":true}]},"24":{"line":303,"type":"binary-expr","locations":[{"start":{"line":303,"column":43},"end":{"line":303,"column":75},"skip":true},{"start":{"line":303,"column":79},"end":{"line":303,"column":81},"skip":true}]},"25":{"line":306,"type":"if","locations":[{"start":{"line":306,"column":8},"end":{"line":306,"column":8},"skip":true},{"start":{"line":306,"column":8},"end":{"line":306,"column":8},"skip":true}]},"26":{"line":310,"type":"if","locations":[{"start":{"line":310,"column":8},"end":{"line":310,"column":8},"skip":true},{"start":{"line":310,"column":8},"end":{"line":310,"column":8},"skip":true}]},"27":{"line":313,"type":"binary-expr","locations":[{"start":{"line":313,"column":27},"end":{"line":313,"column":43},"skip":true},{"start":{"line":313,"column":47},"end":{"line":313,"column":53},"skip":true}]},"28":{"line":317,"type":"if","locations":[{"start":{"line":317,"column":12},"end":{"line":317,"column":12},"skip":true},{"start":{"line":317,"column":12},"end":{"line":317,"column":12},"skip":true}]}},"code":["/*","example.js","","quickstart example","","instruction","    1. save this script as example.js","    2. run the shell command:","        $ npm install npmtest-nfe-io && PORT=8081 node example.js","    3. play with the browser-demo on http://127.0.0.1:8081","*/","","","","/* istanbul instrument in package npmtest_nfe_io */","/*jslint","    bitwise: true,","    browser: true,","    maxerr: 8,","    maxlen: 96,","    node: true,","    nomen: true,","    regexp: true,","    stupid: true","*/","(function () {","    'use strict';","    var local;","","","","    // run shared js-env code - pre-init","    (function () {","        // init local","        local = {};","        // init modeJs","        local.modeJs = (function () {","            try {","                return typeof navigator.userAgent === 'string' &&","                    typeof document.querySelector('body') === 'object' &&","                    typeof XMLHttpRequest.prototype.open === 'function' &&","                    'browser';","            } catch (errorCaughtBrowser) {","                return module.exports &&","                    typeof process.versions.node === 'string' &&","                    typeof require('http').createServer === 'function' &&","                    'node';","            }","        }());","        // init global","        local.global = local.modeJs === 'browser'","            ? window","            : global;","        // init utility2_rollup","        local = local.global.utility2_rollup || (local.modeJs === 'browser'","            ? local.global.utility2_npmtest_nfe_io","            : global.utility2_moduleExports);","        // export local","        local.global.local = local;","    }());","    switch (local.modeJs) {","","","","    // post-init","    // run browser js-env code - post-init","    /* istanbul ignore next */","    case 'browser':","        local.testRunBrowser = function (event) {","            if (!event || (event &&","                    event.currentTarget &&","                    event.currentTarget.className &&","                    event.currentTarget.className.includes &&","                    event.currentTarget.className.includes('onreset'))) {","                // reset output","                Array.from(","                    document.querySelectorAll('body > .resettable')","                ).forEach(function (element) {","                    switch (element.tagName) {","                    case 'INPUT':","                    case 'TEXTAREA':","                        element.value = '';","                        break;","                    default:","                        element.textContent = '';","                    }","                });","            }","            switch (event && event.currentTarget && event.currentTarget.id) {","            case 'testRunButton1':","                // show tests","                if (document.querySelector('#testReportDiv1').style.display === 'none') {","                    document.querySelector('#testReportDiv1').style.display = 'block';","                    document.querySelector('#testRunButton1').textContent =","                        'hide internal test';","                    local.modeTest = true;","                    local.testRunDefault(local);","                // hide tests","                } else {","                    document.querySelector('#testReportDiv1').style.display = 'none';","                    document.querySelector('#testRunButton1').textContent = 'run internal test';","                }","                break;","            // custom-case","            default:","                break;","            }","            if (document.querySelector('#inputTextareaEval1') && (!event || (event &&","                    event.currentTarget &&","                    event.currentTarget.className &&","                    event.currentTarget.className.includes &&","                    event.currentTarget.className.includes('oneval')))) {","                // try to eval input-code","                try {","                    /*jslint evil: true*/","                    eval(document.querySelector('#inputTextareaEval1').value);","                } catch (errorCaught) {","                    console.error(errorCaught);","                }","            }","        };","        // log stderr and stdout to #outputTextareaStdout1","        ['error', 'log'].forEach(function (key) {","            console[key + '_original'] = console[key];","            console[key] = function () {","                var element;","                console[key + '_original'].apply(console, arguments);","                element = document.querySelector('#outputTextareaStdout1');","                if (!element) {","                    return;","                }","                // append text to #outputTextareaStdout1","                element.value += Array.from(arguments).map(function (arg) {","                    return typeof arg === 'string'","                        ? arg","                        : JSON.stringify(arg, null, 4);","                }).join(' ') + '\\n';","                // scroll textarea to bottom","                element.scrollTop = element.scrollHeight;","            };","        });","        // init event-handling","        ['change', 'click', 'keyup'].forEach(function (event) {","            Array.from(document.querySelectorAll('.on' + event)).forEach(function (element) {","                element.addEventListener(event, local.testRunBrowser);","            });","        });","        // run tests","        local.testRunBrowser();","        break;","","","","    // run node js-env code - post-init","    /* istanbul ignore next */","    case 'node':","        // export local","        module.exports = local;","        // require modules","        local.fs = require('fs');","        local.http = require('http');","        local.url = require('url');","        // init assets","        local.assetsDict = local.assetsDict || {};","        /* jslint-ignore-begin */","        local.assetsDict['/assets.index.template.html'] = '\\","<!doctype html>\\n\\","<html lang=\"en\">\\n\\","<head>\\n\\","<meta charset=\"UTF-8\">\\n\\","<meta name=\"viewport\" content=\"width=device-width, initial-scale=1\">\\n\\","<title>{{env.npm_package_name}} (v{{env.npm_package_version}})</title>\\n\\","<style>\\n\\","/*csslint\\n\\","    box-sizing: false,\\n\\","    universal-selector: false\\n\\","*/\\n\\","* {\\n\\","    box-sizing: border-box;\\n\\","}\\n\\","body {\\n\\","    background: #dde;\\n\\","    font-family: Arial, Helvetica, sans-serif;\\n\\","    margin: 2rem;\\n\\","}\\n\\","body > * {\\n\\","    margin-bottom: 1rem;\\n\\","}\\n\\",".utility2FooterDiv {\\n\\","    margin-top: 20px;\\n\\","    text-align: center;\\n\\","}\\n\\","</style>\\n\\","<style>\\n\\","/*csslint\\n\\","*/\\n\\","textarea {\\n\\","    font-family: monospace;\\n\\","    height: 10rem;\\n\\","    width: 100%;\\n\\","}\\n\\","textarea[readonly] {\\n\\","    background: #ddd;\\n\\","}\\n\\","</style>\\n\\","</head>\\n\\","<body>\\n\\","<!-- utility2-comment\\n\\","<div id=\"ajaxProgressDiv1\" style=\"background: #d00; height: 2px; left: 0; margin: 0; padding: 0; position: fixed; top: 0; transition: background 0.5s, width 1.5s; width: 25%;\"></div>\\n\\","utility2-comment -->\\n\\","<h1>\\n\\","<!-- utility2-comment\\n\\","    <a\\n\\","        {{#if env.npm_package_homepage}}\\n\\","        href=\"{{env.npm_package_homepage}}\"\\n\\","        {{/if env.npm_package_homepage}}\\n\\","        target=\"_blank\"\\n\\","    >\\n\\","utility2-comment -->\\n\\","        {{env.npm_package_name}} (v{{env.npm_package_version}})\\n\\","<!-- utility2-comment\\n\\","    </a>\\n\\","utility2-comment -->\\n\\","</h1>\\n\\","<h3>{{env.npm_package_description}}</h3>\\n\\","<!-- utility2-comment\\n\\","<h4><a download href=\"assets.app.js\">download standalone app</a></h4>\\n\\","<button class=\"onclick onreset\" id=\"testRunButton1\">run internal test</button><br>\\n\\","<div id=\"testReportDiv1\" style=\"display: none;\"></div>\\n\\","utility2-comment -->\\n\\","\\n\\","\\n\\","\\n\\","<label>stderr and stdout</label>\\n\\","<textarea class=\"resettable\" id=\"outputTextareaStdout1\" readonly></textarea>\\n\\","<!-- utility2-comment\\n\\","{{#if isRollup}}\\n\\","<script src=\"assets.app.js\"></script>\\n\\","{{#unless isRollup}}\\n\\","utility2-comment -->\\n\\","<script src=\"assets.utility2.rollup.js\"></script>\\n\\","<script src=\"jsonp.utility2._stateInit?callback=window.utility2._stateInit\"></script>\\n\\","<script src=\"assets.npmtest_nfe_io.rollup.js\"></script>\\n\\","<script src=\"assets.example.js\"></script>\\n\\","<script src=\"assets.test.js\"></script>\\n\\","<!-- utility2-comment\\n\\","{{/if isRollup}}\\n\\","utility2-comment -->\\n\\","<div class=\"utility2FooterDiv\">\\n\\","    [ this app was created with\\n\\","    <a href=\"https://github.com/kaizhu256/node-utility2\" target=\"_blank\">utility2</a>\\n\\","    ]\\n\\","</div>\\n\\","</body>\\n\\","</html>\\n\\","';","        /* jslint-ignore-end */","        if (local.templateRender) {","            local.assetsDict['/'] = local.templateRender(","                local.assetsDict['/assets.index.template.html'],","                {","                    env: local.objectSetDefault(local.env, {","                        npm_package_description: 'the greatest app in the world!',","                        npm_package_name: 'my-app',","                        npm_package_nameAlias: 'my_app',","                        npm_package_version: '0.0.1'","                    })","                }","            );","        } else {","            local.assetsDict['/'] = local.assetsDict['/assets.index.template.html']","                .replace((/\\{\\{env\\.(\\w+?)\\}\\}/g), function (match0, match1) {","                    // jslint-hack","                    String(match0);","                    switch (match1) {","                    case 'npm_package_description':","                        return 'the greatest app in the world!';","                    case 'npm_package_name':","                        return 'my-app';","                    case 'npm_package_nameAlias':","                        return 'my_app';","                    case 'npm_package_version':","                        return '0.0.1';","                    }","                });","        }","        // run the cli","        if (local.global.utility2_rollup || module !== require.main) {","            break;","        }","        local.assetsDict['/assets.example.js'] =","            local.assetsDict['/assets.example.js'] ||","            local.fs.readFileSync(__filename, 'utf8');","        // bug-workaround - long $npm_package_buildCustomOrg","        /* jslint-ignore-begin */","        local.assetsDict['/assets.npmtest_nfe_io.rollup.js'] =","            local.assetsDict['/assets.npmtest_nfe_io.rollup.js'] ||","            local.fs.readFileSync(","                local.npmtest_nfe_io.__dirname + '/lib.npmtest_nfe_io.js',","                'utf8'","            ).replace((/^#!/), '//');","        /* jslint-ignore-end */","        local.assetsDict['/favicon.ico'] = local.assetsDict['/favicon.ico'] || '';","        // if $npm_config_timeout_exit exists,","        // then exit this process after $npm_config_timeout_exit ms","        if (Number(process.env.npm_config_timeout_exit)) {","            setTimeout(process.exit, Number(process.env.npm_config_timeout_exit));","        }","        // start server","        if (local.global.utility2_serverHttp1) {","            break;","        }","        process.env.PORT = process.env.PORT || '8081';","        console.error('server starting on port ' + process.env.PORT);","        local.http.createServer(function (request, response) {","            request.urlParsed = local.url.parse(request.url);","            if (local.assetsDict[request.urlParsed.pathname] !== undefined) {","                response.end(local.assetsDict[request.urlParsed.pathname]);","                return;","            }","            response.statusCode = 404;","            response.end();","        }).listen(process.env.PORT);","        break;","    }","}());",""],"l":{"26":2,"28":2,"33":2,"35":2,"37":2,"38":2,"39":2,"44":1,"51":2,"55":2,"59":2,"61":2,"69":1,"70":2,"76":2,"79":2,"82":2,"83":2,"85":1,"89":2,"92":1,"93":1,"94":1,"96":1,"97":1,"100":1,"101":1,"103":1,"106":1,"108":2,"114":1,"116":1,"118":1,"123":1,"124":2,"125":2,"126":3,"127":3,"128":3,"129":3,"130":1,"133":3,"134":3,"139":3,"143":1,"144":3,"145":1,"149":1,"150":1,"158":1,"160":1,"161":1,"162":1,"164":1,"166":1,"258":1,"259":1,"271":1,"274":6,"275":6,"277":1,"279":2,"281":1,"283":2,"288":1,"289":1,"291":1,"296":1,"303":1,"306":1,"307":1,"310":1,"311":1,"313":1,"314":1,"315":1,"316":1,"317":1,"318":1,"319":1,"321":1,"322":1,"324":1}},"/home/travis/build/npmtest/node-npmtest-nfe-io/node_modules/nfe-io/lib/nfe.js":{"path":"/home/travis/build/npmtest/node-npmtest-nfe-io/node_modules/nfe-io/lib/nfe.js","s":{"1":1,"2":1,"3":1,"4":1,"5":1,"6":1,"7":1,"8":1,"9":1,"10":1,"11":1,"12":1,"13":1,"14":1,"15":8,"16":4,"17":4,"18":4,"19":4,"20":4,"21":1,"22":0,"23":0,"24":0,"25":0,"26":0,"27":0,"28":0,"29":4,"30":0,"31":4,"32":4,"33":0,"34":4,"35":44,"36":4,"37":4,"38":0,"39":4,"40":4,"41":4,"42":4,"43":4,"44":20,"45":1},"b":{"1":[1,0],"2":[4,4],"3":[0,0],"4":[0,0],"5":[0,4],"6":[4,0],"7":[0,0],"8":[0,4],"9":[4,0]},"f":{"1":8,"2":0,"3":0,"4":0,"5":4,"6":4,"7":0,"8":4,"9":44,"10":4,"11":4,"12":4,"13":4},"fnMap":{"1":{"name":"Nfe","line":42,"loc":{"start":{"line":42,"column":0},"end":{"line":42,"column":27}}},"2":{"name":"(anonymous_2)","line":66,"loc":{"start":{"line":66,"column":11},"end":{"line":66,"column":42}}},"3":{"name":"(anonymous_3)","line":72,"loc":{"start":{"line":72,"column":15},"end":{"line":72,"column":34}}},"4":{"name":"(anonymous_4)","line":76,"loc":{"start":{"line":76,"column":11},"end":{"line":76,"column":26}}},"5":{"name":"(anonymous_5)","line":80,"loc":{"start":{"line":80,"column":17},"end":{"line":80,"column":35}}},"6":{"name":"(anonymous_6)","line":86,"loc":{"start":{"line":86,"column":13},"end":{"line":86,"column":27}}},"7":{"name":"(anonymous_7)","line":96,"loc":{"start":{"line":96,"column":14},"end":{"line":96,"column":32}}},"8":{"name":"(anonymous_8)","line":103,"loc":{"start":{"line":103,"column":16},"end":{"line":103,"column":37}}},"9":{"name":"(anonymous_9)","line":107,"loc":{"start":{"line":107,"column":15},"end":{"line":107,"column":29}}},"10":{"name":"(anonymous_10)","line":111,"loc":{"start":{"line":111,"column":15},"end":{"line":111,"column":27}}},"11":{"name":"(anonymous_11)","line":115,"loc":{"start":{"line":115,"column":22},"end":{"line":115,"column":35}}},"12":{"name":"(anonymous_12)","line":119,"loc":{"start":{"line":119,"column":21},"end":{"line":119,"column":42}}},"13":{"name":"(anonymous_13)","line":126,"loc":{"start":{"line":126,"column":18},"end":{"line":126,"column":29}}}},"statementMap":{"1":{"start":{"line":3,"column":0},"end":{"line":3,"column":32}},"2":{"start":{"line":4,"column":0},"end":{"line":4,"column":25}},"3":{"start":{"line":5,"column":0},"end":{"line":5,"column":69}},"4":{"start":{"line":6,"column":0},"end":{"line":6,"column":31}},"5":{"start":{"line":7,"column":0},"end":{"line":7,"column":31}},"6":{"start":{"line":10,"column":0},"end":{"line":10,"column":61}},"7":{"start":{"line":12,"column":0},"end":{"line":12,"column":57}},"8":{"start":{"line":14,"column":0},"end":{"line":21,"column":2}},"9":{"start":{"line":23,"column":0},"end":{"line":23,"column":33}},"10":{"start":{"line":25,"column":0},"end":{"line":25,"column":41}},"11":{"start":{"line":27,"column":0},"end":{"line":37,"column":2}},"12":{"start":{"line":39,"column":0},"end":{"line":39,"column":45}},"13":{"start":{"line":40,"column":0},"end":{"line":40,"column":26}},"14":{"start":{"line":42,"column":0},"end":{"line":62,"column":1}},"15":{"start":{"line":44,"column":2},"end":{"line":46,"column":3}},"16":{"start":{"line":45,"column":4},"end":{"line":45,"column":33}},"17":{"start":{"line":48,"column":2},"end":{"line":57,"column":4}},"18":{"start":{"line":59,"column":2},"end":{"line":59,"column":24}},"19":{"start":{"line":60,"column":2},"end":{"line":60,"column":22}},"20":{"start":{"line":61,"column":2},"end":{"line":61,"column":30}},"21":{"start":{"line":64,"column":0},"end":{"line":134,"column":2}},"22":{"start":{"line":67,"column":4},"end":{"line":67,"column":36}},"23":{"start":{"line":68,"column":4},"end":{"line":68,"column":33}},"24":{"start":{"line":68,"column":14},"end":{"line":68,"column":33}},"25":{"start":{"line":69,"column":4},"end":{"line":69,"column":45}},"26":{"start":{"line":69,"column":18},"end":{"line":69,"column":45}},"27":{"start":{"line":73,"column":4},"end":{"line":73,"column":58}},"28":{"start":{"line":77,"column":4},"end":{"line":77,"column":36}},"29":{"start":{"line":81,"column":4},"end":{"line":83,"column":5}},"30":{"start":{"line":82,"column":6},"end":{"line":82,"column":44}},"31":{"start":{"line":87,"column":4},"end":{"line":93,"column":5}},"32":{"start":{"line":88,"column":6},"end":{"line":92,"column":8}},"33":{"start":{"line":97,"column":4},"end":{"line":100,"column":6}},"34":{"start":{"line":104,"column":4},"end":{"line":104,"column":27}},"35":{"start":{"line":108,"column":4},"end":{"line":108,"column":26}},"36":{"start":{"line":112,"column":4},"end":{"line":112,"column":18}},"37":{"start":{"line":116,"column":4},"end":{"line":118,"column":5}},"38":{"start":{"line":117,"column":6},"end":{"line":117,"column":43}},"39":{"start":{"line":119,"column":4},"end":{"line":123,"column":7}},"40":{"start":{"line":120,"column":6},"end":{"line":120,"column":48}},"41":{"start":{"line":121,"column":6},"end":{"line":121,"column":65}},"42":{"start":{"line":122,"column":6},"end":{"line":122,"column":36}},"43":{"start":{"line":127,"column":4},"end":{"line":131,"column":5}},"44":{"start":{"line":128,"column":6},"end":{"line":130,"column":36}},"45":{"start":{"line":136,"column":0},"end":{"line":136,"column":21}}},"branchMap":{"1":{"line":5,"type":"cond-expr","locations":[{"start":{"line":5,"column":52},"end":{"line":5,"column":59}},{"start":{"line":5,"column":62},"end":{"line":5,"column":68}}]},"2":{"line":44,"type":"if","locations":[{"start":{"line":44,"column":2},"end":{"line":44,"column":2}},{"start":{"line":44,"column":2},"end":{"line":44,"column":2}}]},"3":{"line":68,"type":"if","locations":[{"start":{"line":68,"column":4},"end":{"line":68,"column":4}},{"start":{"line":68,"column":4},"end":{"line":68,"column":4}}]},"4":{"line":69,"type":"if","locations":[{"start":{"line":69,"column":4},"end":{"line":69,"column":4}},{"start":{"line":69,"column":4},"end":{"line":69,"column":4}}]},"5":{"line":81,"type":"if","locations":[{"start":{"line":81,"column":4},"end":{"line":81,"column":4}},{"start":{"line":81,"column":4},"end":{"line":81,"column":4}}]},"6":{"line":87,"type":"if","locations":[{"start":{"line":87,"column":4},"end":{"line":87,"column":4}},{"start":{"line":87,"column":4},"end":{"line":87,"column":4}}]},"7":{"line":99,"type":"cond-expr","locations":[{"start":{"line":99,"column":24},"end":{"line":99,"column":43}},{"start":{"line":99,"column":46},"end":{"line":99,"column":53}}]},"8":{"line":116,"type":"if","locations":[{"start":{"line":116,"column":4},"end":{"line":116,"column":4}},{"start":{"line":116,"column":4},"end":{"line":116,"column":4}}]},"9":{"line":120,"type":"binary-expr","locations":[{"start":{"line":120,"column":29},"end":{"line":120,"column":34}},{"start":{"line":120,"column":38},"end":{"line":120,"column":47}}]}},"code":["'use strict';","","Nfe.DEFAULT_HOST = 'api.nfe.io';","Nfe.DEFAULT_PORT = '443';","Nfe.DEFAULT_PROTOCOL = Nfe.DEFAULT_PORT === '443' ? 'https' : 'http';","Nfe.DEFAULT_BASE_PATH = '/v1/';","Nfe.DEFAULT_API_VERSION = null;","","// Use node's default timeout:","Nfe.DEFAULT_TIMEOUT = require('http').createServer().timeout;","","Nfe.PACKAGE_VERSION = require('../package.json').version;","","Nfe.USER_AGENT = {","  bindings_version: Nfe.PACKAGE_VERSION,","  lang: 'node',","  lang_version: process.version,","  platform: process.platform,","  publisher: 'nfe',","  uname: null","};","","Nfe.USER_AGENT_SERIALIZED = null;","","var exec = require('child_process').exec;","","var resources = {","  ","  Companies: require('./resources/Companies'),","  Webhooks: require('./resources/Webhooks'),","    ","  LegalPeople: require('./resources/LegalPeople'),","  NaturalPeople: require('./resources/NaturalPeople'),","  ","  ServiceInvoices: require('./resources/ServiceInvoices')","  ","};","","Nfe.baseResource = require('./BaseResource');","Nfe.resources = resources;","","function Nfe(key, version) {","","  if (!(this instanceof Nfe)) {","    return new Nfe(key, version);","  }","","  this._api = {","    auth: null,","    host: Nfe.DEFAULT_HOST,","    protocol: Nfe.DEFAULT_PROTOCOL,","    port: Nfe.DEFAULT_PORT,","    basePath: Nfe.DEFAULT_BASE_PATH,","    version: Nfe.DEFAULT_API_VERSION,","    timeout: Nfe.DEFAULT_TIMEOUT,","    dev: false","  };","","  this._prepResources();","  this.setApiKey(key);","  this.setApiVersion(version);","}","","Nfe.prototype = {","","  setHost: function(host, port, protocol) {","    this._setApiField('host', host);","    if (port) this.setPort(port);","    if (protocol) this.setProtocol(protocol);","  },","","  setProtocol: function(protocol) {","    this._setApiField('protocol', protocol.toLowerCase());","  },","","  setPort: function(port) {","    this._setApiField('port', port);","  },","","  setApiVersion: function(version) {","    if (version) {","      this._setApiField('version', version);","    }","  },","","  setApiKey: function(key) {","    if (key) {","      this._setApiField(","        'auth',","        'Basic ' + new Buffer(key)","        // 'Basic ' + new Buffer(key + ':').toString('base64')","      );","    }","  },","","  setTimeout: function(timeout) {","    this._setApiField(","      'timeout',","      timeout == null ? Nfe.DEFAULT_TIMEOUT : timeout","    );","  },","","  _setApiField: function(key, value) {","    this._api[key] = value;","  },","","  getApiField: function(key) {","    return this._api[key];","  },","","  getConstant: function(c) {","    return Nfe[c];","  },","","  getClientUserAgent: function(cb) {","    if (Nfe.USER_AGENT_SERIALIZED) {","      return cb(Nfe.USER_AGENT_SERIALIZED);","    }","    exec('uname -a', function(err, uname) {","      Nfe.USER_AGENT.uname = uname || 'UNKNOWN';","      Nfe.USER_AGENT_SERIALIZED = JSON.stringify(Nfe.USER_AGENT);","      cb(Nfe.USER_AGENT_SERIALIZED);","    });","  },","","  _prepResources: function() {","    for (var name in resources) {","      this[","        name[0].toLowerCase() + name.substring(1)","      ] = new resources[name](this);","    }","  }","","};","","module.exports = Nfe;",""],"l":{"3":1,"4":1,"5":1,"6":1,"7":1,"10":1,"12":1,"14":1,"23":1,"25":1,"27":1,"39":1,"40":1,"42":1,"44":8,"45":4,"48":4,"59":4,"60":4,"61":4,"64":1,"67":0,"68":0,"69":0,"73":0,"77":0,"81":4,"82":0,"87":4,"88":4,"97":0,"104":4,"108":44,"112":4,"116":4,"117":0,"119":4,"120":4,"121":4,"122":4,"127":4,"128":20,"136":1}},"/home/travis/build/npmtest/node-npmtest-nfe-io/node_modules/nfe-io/lib/resources/Companies.js":{"path":"/home/travis/build/npmtest/node-npmtest-nfe-io/node_modules/nfe-io/lib/resources/Companies.js","s":{"1":1,"2":1,"3":1},"b":{},"f":{},"fnMap":{},"statementMap":{"1":{"start":{"line":3,"column":0},"end":{"line":3,"column":46}},"2":{"start":{"line":4,"column":0},"end":{"line":4,"column":37}},"3":{"start":{"line":6,"column":0},"end":{"line":43,"column":3}}},"branchMap":{},"code":["'use strict';","","var BaseResource = require('../BaseResource');","var restMethod = BaseResource.method;","","module.exports = BaseResource.extend({","  ","  path: '/companies',","  ","  create: restMethod({","    method: 'POST'","  }),","","  list: restMethod({","    method: 'GET'","  }),","","  retrieve: restMethod({","    method: 'GET',","    path: '/{id}',","    urlParams: ['id']","  }),","","  update: restMethod({","    method: 'PUT',","    path: '{id}',","    urlParams: ['id']","  }),","","  // Avoid 'delete' keyword in JS","  remove: restMethod({","    method: 'DELETE',","    path: '{id}',","    urlParams: ['id']","  }),","    ","  uploadCertificate: restMethod({","    method: 'POST',","    path: '{id}/certificate',","    urlParams: ['id']","  })","","});",""],"l":{"3":1,"4":1,"6":1}},"/home/travis/build/npmtest/node-npmtest-nfe-io/node_modules/nfe-io/lib/BaseResource.js":{"path":"/home/travis/build/npmtest/node-npmtest-nfe-io/node_modules/nfe-io/lib/BaseResource.js","s":{"1":1,"2":1,"3":1,"4":1,"5":1,"6":1,"7":1,"8":1,"9":1,"10":1,"11":1,"12":20,"13":20,"14":20,"15":20,"16":20,"17":1,"18":4,"19":4,"20":4,"21":0,"22":0,"23":4,"24":4,"25":4,"26":4,"27":0,"28":0,"29":4,"30":4,"31":4,"32":4,"33":4,"34":0,"35":0,"36":0,"37":0,"38":0,"39":4,"40":4,"41":4,"42":0,"43":4,"44":4,"45":4,"46":4,"47":4,"48":4,"49":4,"50":4,"51":4,"52":4,"53":4,"54":0,"55":4,"56":4,"57":0,"58":0,"59":4,"60":4,"61":0,"62":0,"63":0,"64":4,"65":4,"66":4,"67":4,"68":4,"69":3,"70":4,"71":0,"72":4,"73":4,"74":1,"75":4,"76":4,"77":1,"78":1,"79":4,"80":4,"81":4,"82":4,"83":4,"84":4,"85":4,"86":3,"87":4,"88":1},"b":{"1":[20,20],"2":[4,0],"3":[0,0],"4":[4,0],"5":[0,4],"6":[4,4],"7":[4,0],"8":[0,4],"9":[0,0],"10":[4,0],"11":[0,4],"12":[3,1],"13":[4,4],"14":[0,4],"15":[1,3],"16":[0,4],"17":[3,1]},"f":{"1":20,"2":20,"3":4,"4":4,"5":4,"6":0,"7":0,"8":4,"9":4,"10":4,"11":0,"12":4,"13":4,"14":4,"15":4,"16":4,"17":0,"18":4,"19":4,"20":4,"21":4,"22":4},"fnMap":{"1":{"name":"NfeResource","line":23,"loc":{"start":{"line":23,"column":0},"end":{"line":23,"column":38}}},"2":{"name":"(anonymous_2)","line":39,"loc":{"start":{"line":39,"column":14},"end":{"line":39,"column":25}}},"3":{"name":"(anonymous_3)","line":41,"loc":{"start":{"line":41,"column":18},"end":{"line":41,"column":49}}},"4":{"name":"(anonymous_4)","line":50,"loc":{"start":{"line":50,"column":17},"end":{"line":50,"column":28}}},"5":{"name":"(anonymous_5)","line":61,"loc":{"start":{"line":61,"column":18},"end":{"line":61,"column":37}}},"6":{"name":"(anonymous_6)","line":67,"loc":{"start":{"line":67,"column":30},"end":{"line":67,"column":44}}},"7":{"name":"(anonymous_7)","line":68,"loc":{"start":{"line":68,"column":21},"end":{"line":68,"column":31}}},"8":{"name":"(anonymous_8)","line":69,"loc":{"start":{"line":69,"column":11},"end":{"line":69,"column":25}}},"9":{"name":"(anonymous_9)","line":70,"loc":{"start":{"line":70,"column":21},"end":{"line":70,"column":31}}},"10":{"name":"(anonymous_10)","line":77,"loc":{"start":{"line":77,"column":19},"end":{"line":77,"column":52}}},"11":{"name":"(anonymous_11)","line":79,"loc":{"start":{"line":79,"column":11},"end":{"line":79,"column":22}}},"12":{"name":"(anonymous_12)","line":97,"loc":{"start":{"line":97,"column":20},"end":{"line":97,"column":44}}},"13":{"name":"(anonymous_13)","line":100,"loc":{"start":{"line":100,"column":11},"end":{"line":100,"column":25}}},"14":{"name":"(anonymous_14)","line":111,"loc":{"start":{"line":111,"column":21},"end":{"line":111,"column":37}}},"15":{"name":"(anonymous_15)","line":114,"loc":{"start":{"line":114,"column":20},"end":{"line":114,"column":31}}},"16":{"name":"(anonymous_16)","line":146,"loc":{"start":{"line":146,"column":17},"end":{"line":146,"column":41}}},"17":{"name":"(anonymous_17)","line":148,"loc":{"start":{"line":148,"column":11},"end":{"line":148,"column":27}}},"18":{"name":"(anonymous_18)","line":161,"loc":{"start":{"line":161,"column":12},"end":{"line":161,"column":57}}},"19":{"name":"(anonymous_19)","line":187,"loc":{"start":{"line":187,"column":36},"end":{"line":187,"column":50}}},"20":{"name":"makeRequest","line":192,"loc":{"start":{"line":192,"column":4},"end":{"line":192,"column":27}}},"21":{"name":"(anonymous_21)","line":220,"loc":{"start":{"line":220,"column":23},"end":{"line":220,"column":40}}},"22":{"name":"(anonymous_22)","line":221,"loc":{"start":{"line":221,"column":35},"end":{"line":221,"column":46}}}},"statementMap":{"1":{"start":{"line":3,"column":0},"end":{"line":3,"column":37}},"2":{"start":{"line":4,"column":0},"end":{"line":4,"column":27}},"3":{"start":{"line":5,"column":0},"end":{"line":5,"column":29}},"4":{"start":{"line":6,"column":0},"end":{"line":6,"column":27}},"5":{"start":{"line":7,"column":0},"end":{"line":7,"column":27}},"6":{"start":{"line":9,"column":0},"end":{"line":9,"column":31}},"7":{"start":{"line":10,"column":0},"end":{"line":10,"column":31}},"8":{"start":{"line":12,"column":0},"end":{"line":12,"column":31}},"9":{"start":{"line":15,"column":0},"end":{"line":15,"column":39}},"10":{"start":{"line":18,"column":0},"end":{"line":18,"column":54}},"11":{"start":{"line":23,"column":0},"end":{"line":33,"column":1}},"12":{"start":{"line":25,"column":2},"end":{"line":25,"column":24}},"13":{"start":{"line":26,"column":2},"end":{"line":26,"column":32}},"14":{"start":{"line":28,"column":2},"end":{"line":28,"column":82}},"15":{"start":{"line":29,"column":2},"end":{"line":29,"column":51}},"16":{"start":{"line":31,"column":2},"end":{"line":31,"column":41}},"17":{"start":{"line":35,"column":0},"end":{"line":233,"column":2}},"18":{"start":{"line":42,"column":4},"end":{"line":47,"column":26}},"19":{"start":{"line":51,"column":4},"end":{"line":51,"column":21}},"20":{"start":{"line":53,"column":4},"end":{"line":57,"column":5}},"21":{"start":{"line":54,"column":6},"end":{"line":56,"column":7}},"22":{"start":{"line":55,"column":8},"end":{"line":55,"column":38}},"23":{"start":{"line":58,"column":4},"end":{"line":58,"column":19}},"24":{"start":{"line":62,"column":6},"end":{"line":62,"column":34}},"25":{"start":{"line":64,"column":6},"end":{"line":72,"column":7}},"26":{"start":{"line":67,"column":8},"end":{"line":71,"column":11}},"27":{"start":{"line":68,"column":10},"end":{"line":68,"column":59}},"28":{"start":{"line":68,"column":33},"end":{"line":68,"column":53}},"29":{"start":{"line":70,"column":10},"end":{"line":70,"column":60}},"30":{"start":{"line":70,"column":33},"end":{"line":70,"column":53}},"31":{"start":{"line":74,"column":6},"end":{"line":74,"column":22}},"32":{"start":{"line":78,"column":4},"end":{"line":78,"column":20}},"33":{"start":{"line":79,"column":4},"end":{"line":94,"column":5}},"34":{"start":{"line":80,"column":6},"end":{"line":80,"column":46}},"35":{"start":{"line":81,"column":6},"end":{"line":81,"column":36}},"36":{"start":{"line":83,"column":6},"end":{"line":83,"column":28}},"37":{"start":{"line":84,"column":6},"end":{"line":84,"column":18}},"38":{"start":{"line":86,"column":6},"end":{"line":93,"column":8}},"39":{"start":{"line":98,"column":4},"end":{"line":98,"column":20}},"40":{"start":{"line":100,"column":4},"end":{"line":143,"column":6}},"41":{"start":{"line":102,"column":6},"end":{"line":107,"column":7}},"42":{"start":{"line":103,"column":8},"end":{"line":106,"column":11}},"43":{"start":{"line":109,"column":6},"end":{"line":109,"column":20}},"44":{"start":{"line":110,"column":6},"end":{"line":110,"column":30}},"45":{"start":{"line":111,"column":6},"end":{"line":113,"column":9}},"46":{"start":{"line":112,"column":8},"end":{"line":112,"column":22}},"47":{"start":{"line":114,"column":6},"end":{"line":142,"column":9}},"48":{"start":{"line":115,"column":8},"end":{"line":140,"column":9}},"49":{"start":{"line":117,"column":10},"end":{"line":117,"column":42}},"50":{"start":{"line":118,"column":10},"end":{"line":118,"column":41}},"51":{"start":{"line":120,"column":10},"end":{"line":128,"column":11}},"52":{"start":{"line":121,"column":12},"end":{"line":121,"column":20}},"53":{"start":{"line":122,"column":12},"end":{"line":126,"column":13}},"54":{"start":{"line":123,"column":14},"end":{"line":123,"column":68}},"55":{"start":{"line":125,"column":14},"end":{"line":125,"column":59}},"56":{"start":{"line":127,"column":12},"end":{"line":127,"column":50}},"57":{"start":{"line":131,"column":10},"end":{"line":139,"column":12}},"58":{"start":{"line":141,"column":8},"end":{"line":141,"column":44}},"59":{"start":{"line":147,"column":4},"end":{"line":147,"column":20}},"60":{"start":{"line":148,"column":4},"end":{"line":158,"column":5}},"61":{"start":{"line":149,"column":6},"end":{"line":149,"column":33}},"62":{"start":{"line":149,"column":26},"end":{"line":149,"column":33}},"63":{"start":{"line":150,"column":6},"end":{"line":157,"column":8}},"64":{"start":{"line":163,"column":4},"end":{"line":163,"column":49}},"65":{"start":{"line":164,"column":4},"end":{"line":164,"column":20}},"66":{"start":{"line":166,"column":4},"end":{"line":166,"column":57}},"67":{"start":{"line":167,"column":4},"end":{"line":174,"column":6}},"68":{"start":{"line":176,"column":4},"end":{"line":180,"column":5}},"69":{"start":{"line":178,"column":6},"end":{"line":178,"column":51}},"70":{"start":{"line":182,"column":4},"end":{"line":184,"column":5}},"71":{"start":{"line":183,"column":6},"end":{"line":183,"column":42}},"72":{"start":{"line":187,"column":4},"end":{"line":190,"column":7}},"73":{"start":{"line":189,"column":6},"end":{"line":189,"column":20}},"74":{"start":{"line":192,"column":4},"end":{"line":229,"column":5}},"75":{"start":{"line":194,"column":6},"end":{"line":205,"column":12}},"76":{"start":{"line":207,"column":6},"end":{"line":210,"column":7}},"77":{"start":{"line":208,"column":8},"end":{"line":208,"column":32}},"78":{"start":{"line":209,"column":8},"end":{"line":209,"column":32}},"79":{"start":{"line":212,"column":6},"end":{"line":214,"column":25}},"80":{"start":{"line":216,"column":6},"end":{"line":216,"column":76}},"81":{"start":{"line":217,"column":6},"end":{"line":217,"column":63}},"82":{"start":{"line":218,"column":6},"end":{"line":218,"column":57}},"83":{"start":{"line":220,"column":6},"end":{"line":227,"column":9}},"84":{"start":{"line":221,"column":8},"end":{"line":226,"column":11}},"85":{"start":{"line":222,"column":10},"end":{"line":224,"column":11}},"86":{"start":{"line":223,"column":12},"end":{"line":223,"column":35}},"87":{"start":{"line":225,"column":10},"end":{"line":225,"column":20}},"88":{"start":{"line":235,"column":0},"end":{"line":235,"column":29}}},"branchMap":{"1":{"line":26,"type":"binary-expr","locations":[{"start":{"line":26,"column":18},"end":{"line":26,"column":25}},{"start":{"line":26,"column":29},"end":{"line":26,"column":31}}]},"2":{"line":45,"type":"cond-expr","locations":[{"start":{"line":46,"column":8},"end":{"line":46,"column":28}},{"start":{"line":46,"column":31},"end":{"line":46,"column":42}}]},"3":{"line":54,"type":"if","locations":[{"start":{"line":54,"column":6},"end":{"line":54,"column":6}},{"start":{"line":54,"column":6},"end":{"line":54,"column":6}}]},"4":{"line":64,"type":"if","locations":[{"start":{"line":64,"column":6},"end":{"line":64,"column":6}},{"start":{"line":64,"column":6},"end":{"line":64,"column":6}}]},"5":{"line":102,"type":"if","locations":[{"start":{"line":102,"column":6},"end":{"line":102,"column":6}},{"start":{"line":102,"column":6},"end":{"line":102,"column":6}}]},"6":{"line":102,"type":"binary-expr","locations":[{"start":{"line":102,"column":10},"end":{"line":102,"column":32}},{"start":{"line":102,"column":36},"end":{"line":102,"column":58}}]},"7":{"line":120,"type":"if","locations":[{"start":{"line":120,"column":10},"end":{"line":120,"column":10}},{"start":{"line":120,"column":10},"end":{"line":120,"column":10}}]},"8":{"line":122,"type":"if","locations":[{"start":{"line":122,"column":12},"end":{"line":122,"column":12}},{"start":{"line":122,"column":12},"end":{"line":122,"column":12}}]},"9":{"line":149,"type":"if","locations":[{"start":{"line":149,"column":6},"end":{"line":149,"column":6}},{"start":{"line":149,"column":6},"end":{"line":149,"column":6}}]},"10":{"line":163,"type":"binary-expr","locations":[{"start":{"line":163,"column":37},"end":{"line":163,"column":41}},{"start":{"line":163,"column":45},"end":{"line":163,"column":47}}]},"11":{"line":169,"type":"cond-expr","locations":[{"start":{"line":170,"column":8},"end":{"line":170,"column":35}},{"start":{"line":171,"column":8},"end":{"line":171,"column":40}}]},"12":{"line":176,"type":"if","locations":[{"start":{"line":176,"column":4},"end":{"line":176,"column":4}},{"start":{"line":176,"column":4},"end":{"line":176,"column":4}}]},"13":{"line":176,"type":"binary-expr","locations":[{"start":{"line":176,"column":8},"end":{"line":176,"column":24}},{"start":{"line":176,"column":28},"end":{"line":176,"column":55}}]},"14":{"line":182,"type":"if","locations":[{"start":{"line":182,"column":4},"end":{"line":182,"column":4}},{"start":{"line":182,"column":4},"end":{"line":182,"column":4}}]},"15":{"line":207,"type":"if","locations":[{"start":{"line":207,"column":6},"end":{"line":207,"column":6}},{"start":{"line":207,"column":6},"end":{"line":207,"column":6}}]},"16":{"line":213,"type":"cond-expr","locations":[{"start":{"line":213,"column":57},"end":{"line":213,"column":61}},{"start":{"line":213,"column":64},"end":{"line":213,"column":69}}]},"17":{"line":222,"type":"if","locations":[{"start":{"line":222,"column":10},"end":{"line":222,"column":10}},{"start":{"line":222,"column":10},"end":{"line":222,"column":10}}]}},"code":["'use strict';","","var constants = require('constants');","var http = require('http');","var https = require('https');","var path = require('path');","var when = require('when');","","var utils = require('./utils');","var Error = require('./Error');","","var hasOwn = {}.hasOwnProperty;","","// Provide extension mechanism for NFe.io Resource Sub-Classes","NfeResource.extend = utils.protoExtend;","","// Expose method-creator & prepared (basic) methods","NfeResource.method = require('./BaseResource.Method');","","/**"," * Encapsulates request logic for a NFe.io Resource"," */","function NfeResource(client, urlData) {","","  this._client = client;","  this._urlData = urlData || {};","","  this.basePath = utils.makeURLInterpolator(this._client.getApiField('basePath'));","  this.path = utils.makeURLInterpolator(this.path);","","  this.initialize.apply(this, arguments);","","}","","NfeResource.prototype = {","","  path: '',","","  initialize: function() {},","","  createFullPath: function(commandPath, urlData) {","    return path.join(","      this.basePath(urlData),","      this.path(urlData),","      typeof commandPath == 'function' ?","        commandPath(urlData) : commandPath","    ).replace(/\\\\/g, '/'); // ugly workaround for Windows","  },","","  createUrlData: function() {","    var urlData = {};","    // Merge in baseData","    for (var i in this._urlData) {","      if (hasOwn.call(this._urlData, i)) {","        urlData[i] = this._urlData[i];","      }","    }","    return urlData;","  },","","  createDeferred: function(callback) {","      var deferred = when.defer();","","      if (callback) {","        // Callback, if provided, is a simply translated to Promise'esque:","        // (Ensure callback is called outside of promise stack)","        deferred.promise.then(function(res) {","          setTimeout(function(){ callback(null, res) }, 0);","        }, function(err) {","          setTimeout(function(){ callback(err, null); }, 0);","        });","      }","","      return deferred;","  },","","  _timeoutHandler: function(timeout, req, callback) {","    var self = this;","    return function() {","      var timeoutErr = new Error('ETIMEDOUT');","      timeoutErr.code = 'ETIMEDOUT';","","      req._isAborted = true;","      req.abort();","","      callback.call(","        self,","        new Error.ConnectionError({","          message: 'Request aborted due to timeout being reached (' + timeout + 'ms)',","          detail: timeoutErr","        }),","        null","      );","    }","  },","","  _responseHandler: function(res, callback) {","    var self = this;","      ","    return function(res) {","      ","      if (res.statusCode === 201 || res.statusCode === 202) {","        callback.call(self, null, {","          code: res.statusCode,","          location: res.headers.location","        });","      }","      ","      var data = '';      ","      res.setEncoding('utf8');","      res.on('data', function(chunk) {","        data += chunk;","      });","      res.on('end', function() {","        try {","                  ","          var response = JSON.parse(data);          ","          response.code = res.statusCode;","          ","          if (response.code > 299) {","            var err;","            if (response.code === 401) {","              err = new Error.AuthenticationError(response.message);","            } else {","              err = Error.ResourceError.generate(response);","            }          ","            return callback.call(self, err, null);","          }","          ","        } catch (e) {","          return callback.call(","            self,","            new Error.APIError({","              message: 'Invalid JSON received from the NFe.io API',","              response: response,","              exception: e","            }),","            null","          );","        }","        callback.call(self, null, response);","      });","    };","  },","","  _errorHandler: function(req, callback) {","    var self = this;","    return function(error) {","      if (req._isAborted) return; // already handled","      callback.call(","        self,","        new Error.ConnectionError({","          message: 'An error occurred with our connection to NFe.io',","          detail: error","        }),","        null","      );","    }","  },","","  _request: function(method, path, data, auth, callback) {","","    var requestData = JSON.stringify(data || {});","    var self = this;","","    var apiVersion = this._client.getApiField('version');","    var headers = {      ","      // Use specified auth token or use default from this stripe instance:","      'Authorization': auth ?","        'Basic ' + new Buffer(auth) : //'Basic ' + new Buffer(auth + ':').toString('base64') :","        this._client.getApiField('auth'),","      'Accept': 'application/json',","      'User-Agent': 'Nfe-io/v1 NodeBindings/' + this._client.getConstant('PACKAGE_VERSION'),","    };","    ","    if (method !== 'GET' && data.formData === undefined)","    {","      headers['Content-Type'] = 'application/json';","      //headers['Content-Length'] = Buffer.byteLength(requestData);","    }","    ","    if (apiVersion) {","      headers['Nfe-Version'] = apiVersion;","    }","","    // Grab client-user-agent before making the request:","    this._client.getClientUserAgent(function(cua) {","      //headers['X-Nfe-Client-User-Agent'] = cua;","      makeRequest();","    });","","    function makeRequest() {","","      var timeout = self._client.getApiField('timeout'),","          options = {","            host: self._client.getApiField('host'),","            port: self._client.getApiField('port'),","            path: path,","            method: method,","            headers: 
[...]
ata();","","    var deferred = this.createDeferred(callback);","","    for (var i = 0, l = urlParams.length; i < l; ++i) {","      var arg = args[0];","      if (urlParams[i] && !arg) {","        throw new Error('NFe.io: I require argument \"' + urlParams[i] + '\", but I got: ' + arg);","      }","      urlData[urlParams[i]] = args.shift();","    }","","    if (args.length) {","      throw new Error(","        'NFe.io: Unknown arguments (' + args + '). Did you mean to pass an options object? '","      );","    }","","    var requestPath = this.createFullPath(commandPath, urlData);","","    self._request(requestMethod, requestPath, data, auth, function(err, response) {","      if (err) {","        deferred.reject(err);","      } else {","        deferred.resolve(","          spec.transformResponseData ?","            spec.transformResponseData(response) :","            response","        );","      }","    });","","    return deferred.promise;","","  };","};"],"l":{"3":1,"4":1,"17":1,"19":27,"20":27,"21":27,"23":27,"25":4,"26":4,"28":4,"29":4,"30":4,"31":4,"33":4,"35":4,"36":5,"37":5,"38":0,"40":5,"43":4,"44":0,"49":4,"51":4,"52":4,"53":4,"55":0,"63":4}},"/home/travis/build/npmtest/node-npmtest-nfe-io/node_modules/nfe-io/lib/resources/Webhooks.js":{"path":"/home/travis/build/npmtest/node-npmtest-nfe-io/node_modules/nfe-io/lib/resources/Webhooks.js","s":{"1":1,"2":1,"3":1},"b":{},"f":{},"fnMap":{},"statementMap":{"1":{"start":{"line":3,"column":0},"end":{"line":3,"column":46}},"2":{"start":{"line":4,"column":0},"end":{"line":4,"column":37}},"3":{"start":{"line":6,"column":0},"end":{"line":37,"column":3}}},"branchMap":{},"code":["'use strict';","","var BaseResource = require('../BaseResource');","var restMethod = BaseResource.method;","","module.exports = BaseResource.extend({","  ","  path: '/hooks',","  ","  create: restMethod({","    method: 'POST'","  }),","","  list: restMethod({","    method: 'GET'","  }),","","  retrieve: restMethod({","    method: 'GET',","    path: '/{id}',","    urlParams: ['id']","  }),","","  update: restMethod({","    method: 'PUT',","    path: '{id}',","    urlParams: ['id']","  }),","","  // Avoid 'delete' keyword in JS","  remove: restMethod({","    method: 'DELETE',","    path: '{id}',","    urlParams: ['id']","  })","","});",""],"l":{"3":1,"4":1,"6":1}},"/home/travis/build/npmtest/node-npmtest-nfe-io/node_modules/nfe-io/lib/resources/LegalPeople.js":{"path":"/home/travis/build/npmtest/node-npmtest-nfe-io/node_modules/nfe-io/lib/resources/LegalPeople.js","s":{"1":1,"2":1,"3":1},"b":{},"f":{},"fnMap":{},"statementMap":{"1":{"start":{"line":3,"column":0},"end":{"line":3,"column":46}},"2":{"start":{"line":4,"column":0},"end":{"line":4,"column":37}},"3":{"start":{"line":6,"column":0},"end":{"line":39,"column":3}}},"branchMap":{},"code":["'use strict';","","var BaseResource = require('../BaseResource');","var restMethod = BaseResource.method;","","module.exports = BaseResource.extend({","  ","  path: '/companies/{company_id}/legalpeople',","  ","  create: restMethod({","    method: 'POST',","    urlParams: ['company_id']","  }),","","  list: restMethod({","    method: 'GET',    ","    urlParams: ['company_id']","  }),","","  retrieve: restMethod({","    method: 'GET',","    path: '/{id}',","    urlParams: ['company_id', 'id']","  }),","","  update: restMethod({","    method: 'PUT',","    path: '{id}',","    urlParams: ['company_id', 'id']","  }),","","  // Avoid 'delete' keyword in JS","  remove: restMethod({","    method: 'DELETE',","    path: '{id}',","    urlParams: ['company_id', 'id']","  })","","});",""],"l":{"3":1,"4":1,"6":1}},"/home/travis/build/npmtest/node-npmtest-nfe-io/node_modules/nfe-io/lib/resources/NaturalPeople.js":{"path":"/home/travis/build/npmtest/node-npmtest-nfe-io/node_modules/nfe-io/lib/resources/NaturalPeople.js","s":{"1":1,"2":1,"3":1},"b":{},"f":{},"fnMap":{},"statementMap":{"1":{"start":{"line":3,"column":0},"end":{"line":3,"column":46}},"2":{"start":{"line":4,"column":0},"end":{"line":4,"column":37}},"3":{"start":{"line":6,"column":0},"end":{"line":39,"column":3}}},"branchMap":{},"code":["'use strict';","","var BaseResource = require('../BaseResource');","var restMethod = BaseResource.method;","","module.exports = BaseResource.extend({","  ","  path: '/companies/{company_id}/naturalpeople',","  ","  create: restMethod({","    method: 'POST',","    urlParams: ['company_id']","  }),","","  list: restMethod({","    method: 'GET',    ","    urlParams: ['company_id']","  }),","","  retrieve: restMethod({","    method: 'GET',","    path: '/{id}',","    urlParams: ['company_id', 'id']","  }),","","  update: restMethod({","    method: 'PUT',","    path: '{id}',","    urlParams: ['company_id', 'id']","  }),","","  // Avoid 'delete' keyword in JS","  remove: restMethod({","    method: 'DELETE',","    path: '{id}',","    urlParams: ['company_id', 'id']","  })","","});",""],"l":{"3":1,"4":1,"6":1}},"/home/travis/build/npmtest/node-npmtest-nfe-io/node_modules/nfe-io/lib/resources/ServiceInvoices.js":{"path":"/home/travis/build/npmtest/node-npmtest-nfe-io/node_modules/nfe-io/lib/resources/ServiceInvoices.js","s":{"1":1,"2":1,"3":1},"b":{},"f":{},"fnMap":{},"statementMap":{"1":{"start":{"line":3,"column":0},"end":{"line":3,"column":46}},"2":{"start":{"line":4,"column":0},"end":{"line":4,"column":37}},"3":{"start":{"line":6,"column":0},"end":{"line":44,"column":3}}},"branchMap":{},"code":["'use strict';","","var BaseResource = require('../BaseResource');","var restMethod = BaseResource.method;","","module.exports = BaseResource.extend({","","  path: '/companies/{company_id}/serviceinvoices',","    ","  create: restMethod({","    method: 'POST',","    urlParams: ['company_id']","  }),","","  list: restMethod({","    method: 'GET',","    urlParams: ['company_id']","  }),","","  retrieve: restMethod({","    method: 'GET',","    path: '/{id}',","    urlParams: ['company_id', 'id']","  }),","","  cancel: restMethod({","    method: 'DELETE',","    path: '/{id}',","    urlParams: ['company_id', 'id']","  }),","","  downloadPdf : restMethod({","    method: 'GET',","    path: '/pdf',","    urlParams: ['company_id']","  }),","  ","  downloadXml : restMethod({","    method: 'GET',","    path: '/xml',","    urlParams: ['company_id']","  })","","});",""],"l":{"3":1,"4":1,"6":1}},"/home/travis/build/npmtest/node-npmtest-nfe-io/node_modules/nfe-io/samples/company-uploadCertificate.js":{"path":"/home/travis/build/npmtest/node-npmtest-nfe-io/node_modules/nfe-io/samples/company-uploadCertificate.js","s":{"1":1,"2":1,"3":1,"4":1,"5":1,"6":1,"7":1,"8":0},"b":{"1":[1,0],"2":[0,1]},"f":{"1":1},"fnMap":{"1":{"name":"(anonymous_1)","line":32,"loc":{"start":{"line":32,"column":2},"end":{"line":32,"column":25}}}},"statementMap":{"1":{"start":{"line":1,"column":0},"end":{"line":10,"column":2}},"2":{"start":{"line":11,"column":0},"end":{"line":11,"column":46}},"3":{"start":{"line":12,"column":0},"end":{"line":12,"column":23}},"4":{"start":{"line":15,"column":0},"end":{"line":38,"column":2}},"5":{"start":{"line":34,"column":3},"end":{"line":34,"column":36}},"6":{"start":{"line":34,"column":12},"end":{"line":34,"column":36}},"7":{"start":{"line":35,"column":3},"end":{"line":35,"column":48}},"8":{"start":{"line":35,"column":16},"end":{"line":35,"column":48}}},"branchMap":{"1":{"line":34,"type":"if","locations":[{"start":{"line":34,"column":3},"end":{"line":34,"column":3}},{"start":{"line":34,"column":3},"end":{"line":34,"column":3}}]},"2":{"line":35,"type":"if","locations":[{"start":{"line":35,"column":3},"end":{"line":35,"column":3}},{"start":{"line":35,"column":3},"end":{"line":35,"column":3}}]}},"code":["var nfeConfig = {","","  // Chave de acesso, você deve copiar exatamente como está no painel.","  apiKey: \"api-key-for-access\",","","  // ID da Empresa, você deve copiar exatamente como está no painel.","  // \tcaso você precise acessar mais de uma empresa, este valor não será útil.","  companyId: \"company-id-from-panel\"","","};","var nfe = require('nfe-io')(nfeConfig.apiKey);","var fs = require('fs');","","// Upload do certificado digital para uma empresa","nfe.companies.uploadCertificate(","  ","  // ID da empresa que foi copiado do painel.","  nfeConfig.companyId,","  ","  {","    formData: {","","      // Senha do certificado digital","      'password': 'certificate_password',","","      // Caminho para o arquivo do certificado digital com extensão PFX ou P12","      'file': fs.createReadStream('path_to_certificate.pfx') ","","    }","  },","","  function(err, company) {","  ","  \tif (err) console.log('err', err);","  \tif (company) console.log('company', company);","  ","  }       ",");"],"l":{"1":1,"11":1,"12":1,"15":1,"34":1,"35":1}},"/home/travis/build/npmtest/node-npmtest-nfe-io/node_modules/nfe-io/samples/config.js":{"path":"/home/travis/build/npmtest/node-npmtest-nfe-io/node_modules/nfe-io/samples/config.js","s":{"1":1},"b":{},"f":{},"fnMap":{},"statementMap":{"1":{"start":{"line":1,"column":0},"end":{"line":10,"column":2}}},"branchMap":{},"code":["module.exports = {","","  // Chave de acesso, você deve copiar exatamente como está no painel.","  apiKey: \"api-key-for-access\",","","  // ID da Empresa, você deve copiar exatamente como está no painel.","  // \tcaso você precise acessar mais de uma empresa, este valor não será útil.","  companyId: \"company-id-from-panel\"","","};"],"l":{"1":1}},"/home/travis/build/npmtest/node-npmtest-nfe-io/node_modules/nfe-io/samples/legalPerson-create.js":{"path":"/home/travis/build/npmtest/node-npmtest-nfe-io/node_modules/nfe-io/samples/legalPerson-create.js","s":{"1":1,"2":1,"3":1,"4":1,"5":1,"6":1,"7":0},"b":{"1":[1,0],"2":[0,1]},"f":{"1":1},"fnMap":{"1":{"name":"(anonymous_1)","line":65,"loc":{"start":{"line":65,"column":2},"end":{"line":65,"column":29}}}},"statementMap":{"1":{"start":{"line":1,"column":0},"end":{"line":10,"column":2}},"2":{"start":{"line":11,"column":0},"end":{"line":11,"column":46}},"3":{"start":{"line":14,"column":0},"end":{"line":71,"column":2}},"4":{"start":{"line":67,"column":4},"end":{"line":67,"column":37}},"5":{"start":{"line":67,"column":13},"end":{"line":67,"column":37}},"6":{"start":{"line":68,"column":4},"end":{"line":68,"column":61}},"7":{"start":{"line":68,"column":21},"end":{"line":68,"column":61}}},"branchMap":{"1":{"line":67,"type":"if","locations":[{"start":{"line":67,"column":4},"end":{"line":67,"column":4}},{"start":{"line":67,"column":4},"end":{"line":67,"column":4}}]},"2":{"line":68,"type":"if","locations":[{"start":{"line":68,"column":4},"end":{"line":68,"column":4}},{"start":{"line":68,"column":4},"end":{"line":68,"column":4}}]}},"code":["var nfeConfig = {","","  // Chave de acesso, você deve copiar exatamente como está no painel.","  apiKey: \"api-key-for-access\",","","  // ID da Empresa, você deve copiar exatamente como está no painel.","  // \tcaso você precise acessar mais de uma empresa, este valor não será útil.","  companyId: \"company-id-from-panel\"","","};","var nfe = require('nfe-io')(nfeConfig.apiKey);","","// Criar uma pessoa jurídica","nfe.legalPeople.create(","  ","  // ID da empresa que foi copiado do painel.","  nfeConfig.companyId,","","  // Dados da pessoa jurídica","  {","    // CNPJ ou CPF (opcional para tomadores no exterior)","    'federalTaxNumber': 00000000000191,","","    // Nome da pessoa física ou Razão Social da Empresa","    'name': 'BANCO DO BRASIL SA',","    ","    // Email para onde deverá ser enviado a nota fiscal","    'email': 'exemplo@bb.com.br',","","    // Endereço do tomador","    'address': {","      ","      // Código do pais com três letras","      'country': 'BRA',","      ","      // CEP do endereço (opcional para tomadores no exterior)","      'postalCode': '70073901',","       ","      // Logradouro","      'street': 'Outros Quadra 1 Bloco G Lote 32',","      ","      // Número (opcional)","      'number': 'S/N',","      ","      // Complemento (opcional) ","      'additionalInformation': 'QUADRA 01 BLOCO G',","","      // Bairro","      'district': 'Asa Sul', ","","      // Cidade é opcional para tomadores no exterior","      'city': { ","          // Código do IBGE para a Cidade","          'code': '5300108',","          // Nome da Cidade","          'name': 'Brasilia'","      },","","      // Sigla do estado (opcional para tomadores no exterior)","      'state': 'DF'","      ","    }","  },","","  function(err, legalPeople) {","    ","    if (err) console.log('err', err);","    if (legalPeople) console.log('legalPeople', legalPeople);","    ","  }",");"],"l":{"1":1,"11":1,"14":1,"67":1,"68":1}},"/home/travis/build/npmtest/node-npmtest-nfe-io/node_modules/nfe-io/samples/legalPerson-update.js":{"path":"/home/travis/build/npmtest/node-npmtest-nfe-io/node_modules/nfe-io/samples/legalPerson-update.js","s":{"1":1,"2":1,"3":1,"4":1,"5":1,"6":1,"7":0},"b":{"1":[1,0],"2":[0,1]},"f":{"1":1},"fnMap":{"1":{"name":"(anonymous_1)","line":68,"loc":{"start":{"line":68,"column":2},"end":{"line":68,"column":29}}}},"statementMap":{"1":{"start":{"line":1,"column":0},"end":{"line":10,"column":2}},"2":{"start":{"line":11,"column":0},"end":{"line":11,"column":46}},"3":{"start":{"line":14,"column":0},"end":{"line":74,"column":2}},"4":{"start":{"line":70,"column":4},"end":{"line":70,"column":37}},"5":{"start":{"line":70,"column":13},"end":{"line":70,"column":37}},"6":{"start":{"line":71,"column":4},"end":{"line":71,"column":61}},"7":{"start":{"line":71,"column":21},"end":{"line":71,"column":61}}},"branchMap":{"1":{"line":70,"type":"if","locations":[{"start":{"line":70,"column":4},"end":{"line":70,"column":4}},{"start":{"line":70,"column":4},"end":{"line":70,"column":4}}]},"2":{"line":71,"type":"if","locations":[{"start":{"line":71,"column":4},"end":{"line":71,"column":4}},{"start":{"line":71,"column":4},"end":{"line":71,"column":4}}]}},"code":["var nfeConfig = {","","  // Chave de acesso, você deve copiar exatamente como está no painel.","  apiKey: \"api-key-for-access\",","","  // ID da Empresa, você deve copiar exatamente como está no painel.","  // \tcaso você precise acessar mais de uma empresa, este valor não será útil.","  companyId: \"company-id-from-panel\"","","};","var nfe = require('nfe-io')(nfeConfig.apiKey);","","// Atualizar pessoa juridica","nfe.legalPeople.update(","  ","  // ID da empresa que foi copiado do painel.","  nfeConfig.companyId,","","  // ID da Pessoa Jurídica ","  '5447d23253c8b704d4b48673',","","  // Dados da pessoa jurídica","  {","    // CNPJ ou CPF (opcional para tomadores no exterior)","    'federalTaxNumber': 00000000000191,","","    // Nome da pessoa física ou Razão Social da Empresa","    'name': 'BANCO DO BRASIL SA',","    ","    // Email para onde deverá ser enviado a nota fiscal","    'email': 'exemplo@bb.com.br',","","    // Endereço do tomador","    'address': {","      ","      // Código do pais com três letras","      'country': 'BRA',","      ","      // CEP do endereço (opcional para tomadores no exterior)","      'postalCode': '70073901',","       ","      // Logradouro","      'street': 'Outros Quadra 1 Bloco G Lote 32',","      ","      // Número (opcional)","      'number': 'S/N',","      ","      // Complemento (opcional) ","      'additionalInformation': 'QUADRA 01 BLOCO G',","","      // Bairro","      'district': 'Asa Sul', ","","      // Cidade é opcional para tomadores no exterior","      'city': { ","          // Código do IBGE para a Cidade","          'code': '5300108',","          // Nome da Cidade","          'name': 'Brasilia'","      },","","      // Sigla do estado (opcional para tomadores no exterior)","      'state': 'DF'","      ","    }","  },","","  function(err, legalPeople) {","    ","    if (err) console.log('err', err);","    if (legalPeople) console.log('legalPeople', legalPeople);","    ","  }",");"],"l":{"1":1,"11":1,"14":1,"70":1,"71":1}},"/home/travis/build/npmtest/node-npmtest-nfe-io/node_modules/nfe-io/samples/serviceInvoice-issue.js":{"path":"/home/travis/build/npmtest/node-npmtest-nfe-io/node_modules/nfe-io/samples/serviceInvoice-issue.js","s":{"1":1,"2":1,"3":1,"4":1,"5":1,"6":1,"7":0},"b":{"1":[1,0],"2":[0,1]},"f":{"1":1},"fnMap":{"1":{"name":"(anonymous_1)","line":81,"loc":{"start":{"line":81,"column":2},"end":{"line":81,"column":25}}}},"statementMap":{"1":{"start":{"line":1,"column":0},"end":{"line":10,"column":2}},"2":{"start":{"line":12,"column":0},"end":{"line":12,"column":46}},"3":{"start":{"line":15,"column":0},"end":{"line":95,"column":2}},"4":{"start":{"line":83,"column":4},"end":{"line":83,"column":37}},"5":{"start":{"line":83,"column":13},"end":{"line":83,"column":37}},"6":{"start":{"line":92,"column":4},"end":{"line":92,"column":72}},"7":{"start":{"line":92,"column":17},"end":{"line":92,"column":72}}},"branchMap":{"1":{"line":83,"type":"if","locations":[{"start":{"line":83,"column":4},"end":{"line":83,"column":4}},{"start":{"line":83,"column":4},"end":{"line":83,"column":4}}]},"2":{"line":92,"type":"if","locations":[{"start":{"line":92,"column":4},"end":{"line":92,"column":4}},{"start":{"line":92,"column":4},"end":{"line":92,"column":4}}]}},"code":["var nfeConfig = {","","  // Chave de acesso, você deve copiar exatamente como está no painel.","  apiKey: \"api-key-for-access\",","","  // ID da Empresa, você deve copiar exatamente como está no painel.","  // \tcaso você precise acessar mais de uma empresa, este valor não será útil.","  companyId: \"company-id-from-panel\"","","};","","var nfe = require('nfe-io')(nfeConfig.apiKey);","","// Emitir uma nota fiscal de serviço","nfe.serviceInvoices.create(","","  // ID da empresa que foi copiado do painel.","  nfeConfig.companyId,","","  // Dados da nota fiscal de serviço","  //  neste exemplo contemplamos somente os campos mais utilizado","  //  para saber da estrutura completa veja a documentação completa.","  {  ","    // Código do serviço de acordo com o a cidade","    'cityServiceCode': '2690',","    ","    // Descrição dos serviços prestados","    'description': 'TESTE EMISSAO',  ","","    // Valor total do serviços","    'servicesAmount':  0.01,","","    // Dados do Tomador dos Serviços","    'borrower': {  ","","      // CNPJ ou CPF (opcional para tomadores no exterior)","      'federalTaxNumber': 00000000000191,","","      // Nome da pessoa física ou Razão Social da Empresa","      'name': 'BANCO DO BRASIL SA',","      ","      // Email para onde deverá ser enviado a nota fiscal","      'email': 'exemplo@bb.com.br',","","      // Endereço do tomador","      'address': {","      \t","      \t// Código do pais com três letras","        'country': 'BRA',","        ","        // CEP do endereço (opcional para tomadores no exterior)","        'postalCode': '70073901',","         ","        // Logradouro","        'street': 'Outros Quadra 1 Bloco G Lote 32',","        ","        // Número (opcional)","        'number': 'S/N',","        ","        // Complemento (opcional) ","        'additionalInformation': 'QUADRA 01 BLOCO G',","","        // Bairro","        'district': 'Asa Sul', ","","\t\t    // Cidade é opcional para tomadores no exterior","        'city': { ","            // Código do IBGE para a Cidade","            'code': '5300108',","            // Nome da Cidade","            'name': 'Brasilia'","        },","","        // Sigla do estado (opcional para tomadores no exterior)","        'state': 'DF'","        ","      }","    }","  },","","  function(err, invoice) {","    ","    if (err) console.log('err', err);","    ","    //  O sistema de emissão de notas fiscais é totalmente assincrono","    //  ou seja, nosso servidor recebe as requisições processa elas","    //  conforme a fila de entrada.","    ","    //  Você receberá no código HTTP de retorno o valor 202 = Created","    //  juntamente com ele você recebera a URL da localização","    //  da nota fiscal que foi enviada para emissão.","    if (invoice) console.log('invoice', invoice.code, invoice.location);","    ","  }",");","",""],"l":{"1":1,"12":1,"15":1,"83":1,"92":1}}}